[ 2014-12-08T11:19:05+08:00 ] 127.0.0.1 /index.php?m=user&c=index&a=receipt&id=1
ERR: Think\Controller:access方法不存在！

[ 2014-12-08T11:46:57+08:00 ] 127.0.0.1 /index.php?m=User&c=Index&a=receipt
INFO: [ app_begin ] --START--
INFO: Run Behavior\ReadHtmlCacheBehavior [ RunTime:0.000599s ]
INFO: [ app_begin ] --END-- [ RunTime:0.001086s ]
SQL: SHOW COLUMNS FROM `goods_cate` [ RunTime:0.001309s ]
SQL: SELECT * FROM `goods_cate` WHERE ( pid=0 )  [ RunTime:0.000230s ]
NOTIC: [8] Use of undefined constant user - assumed 'user' /Users/tc/www/clfshop/Application/Common/Controller/HomeController.class.php 第 20 行.
SQL: SHOW COLUMNS FROM `order` [ RunTime:0.001557s ]
SQL: UPDATE `order` SET `stat`='已收货' WHERE ( id= ) [ RunTime:0.000138s ]
ERR: 1064:You have an error in your SQL syntax; check the manual that corresponds to your MySQL server version for the right syntax to use near ')' at line 1
 [ SQL语句 ] : UPDATE `order` SET `stat`='已收货' WHERE ( id= )

[ 2014-12-08T11:46:59+08:00 ] 127.0.0.1 /index.php?m=User&c=Index&a=receipt
INFO: [ app_begin ] --START--
INFO: Run Behavior\ReadHtmlCacheBehavior [ RunTime:0.000511s ]
INFO: [ app_begin ] --END-- [ RunTime:0.000874s ]
SQL: SHOW COLUMNS FROM `goods_cate` [ RunTime:0.002277s ]
SQL: SELECT * FROM `goods_cate` WHERE ( pid=0 )  [ RunTime:0.000340s ]
NOTIC: [8] Use of undefined constant user - assumed 'user' /Users/tc/www/clfshop/Application/Common/Controller/HomeController.class.php 第 20 行.
SQL: SHOW COLUMNS FROM `order` [ RunTime:0.001953s ]
SQL: UPDATE `order` SET `stat`='已收货' WHERE ( id= ) [ RunTime:0.000209s ]
ERR: 1064:You have an error in your SQL syntax; check the manual that corresponds to your MySQL server version for the right syntax to use near ')' at line 1
 [ SQL语句 ] : UPDATE `order` SET `stat`='已收货' WHERE ( id= )

[ 2014-12-08T11:47:03+08:00 ] 127.0.0.1 /index.php?m=User&c=Index&a=receipt
INFO: [ app_begin ] --START--
INFO: Run Behavior\ReadHtmlCacheBehavior [ RunTime:0.000967s ]
INFO: [ app_begin ] --END-- [ RunTime:0.001758s ]
SQL: SHOW COLUMNS FROM `goods_cate` [ RunTime:0.001747s ]
SQL: SELECT * FROM `goods_cate` WHERE ( pid=0 )  [ RunTime:0.000186s ]
NOTIC: [8] Use of undefined constant user - assumed 'user' /Users/tc/www/clfshop/Application/Common/Controller/HomeController.class.php 第 20 行.
SQL: SHOW COLUMNS FROM `order` [ RunTime:0.001565s ]
SQL: UPDATE `order` SET `stat`='已收货' WHERE ( id= ) [ RunTime:0.000089s ]
ERR: 1064:You have an error in your SQL syntax; check the manual that corresponds to your MySQL server version for the right syntax to use near ')' at line 1
 [ SQL语句 ] : UPDATE `order` SET `stat`='已收货' WHERE ( id= )

[ 2014-12-08T12:19:01+08:00 ] 127.0.0.1 /index.php?m=User&c=Index&a=receipt
INFO: [ app_begin ] --START--
INFO: Run Behavior\ReadHtmlCacheBehavior [ RunTime:0.000662s ]
INFO: [ app_begin ] --END-- [ RunTime:0.001152s ]
SQL: SHOW COLUMNS FROM `goods_cate` [ RunTime:0.007429s ]
SQL: SELECT * FROM `goods_cate` WHERE ( pid=0 )  [ RunTime:0.000325s ]
NOTIC: [8] Use of undefined constant user - assumed 'user' /Users/tc/www/clfshop/Application/Common/Controller/HomeController.class.php 第 20 行.
SQL: SHOW COLUMNS FROM `order` [ RunTime:0.001555s ]
SQL: UPDATE `order` SET `stat`='已收货' WHERE ( id=2 ) [ RunTime:0.000557s ]
INFO: [ view_parse ] --START--
INFO: [ template_filter ] --START--
INFO: Run Behavior\ContentReplaceBehavior [ RunTime:0.000076s ]
INFO: [ template_filter ] --END-- [ RunTime:0.000179s ]
INFO: Run Behavior\ParseTemplateBehavior [ RunTime:0.037330s ]
INFO: [ view_parse ] --END-- [ RunTime:0.037469s ]
INFO: [ view_filter ] --START--
INFO: Run Behavior\WriteHtmlCacheBehavior [ RunTime:0.000195s ]
INFO: [ view_filter ] --END-- [ RunTime:0.000269s ]
INFO: [ app_end ] --START--
INFO: Run Behavior\ShowPageTraceBehavior [ RunTime:0.000542s ]
INFO: [ app_end ] --END-- [ RunTime:0.000618s ]

[ 2014-12-08T12:19:02+08:00 ] 127.0.0.1 /index.php?m=User&c=Index&a=receipt
INFO: [ app_begin ] --START--
INFO: Run Behavior\ReadHtmlCacheBehavior [ RunTime:0.000500s ]
INFO: [ app_begin ] --END-- [ RunTime:0.000875s ]
SQL: SHOW COLUMNS FROM `goods_cate` [ RunTime:0.011149s ]
SQL: SELECT * FROM `goods_cate` WHERE ( pid=0 )  [ RunTime:0.000199s ]
NOTIC: [8] Use of undefined constant user - assumed 'user' /Users/tc/www/clfshop/Application/Common/Controller/HomeController.class.php 第 20 行.
SQL: SHOW COLUMNS FROM `order` [ RunTime:0.001269s ]
SQL: UPDATE `order` SET `stat`='已收货' WHERE ( id=2 ) [ RunTime:0.000407s ]
INFO: [ view_parse ] --START--
INFO: [ template_filter ] --START--
INFO: Run Behavior\ContentReplaceBehavior [ RunTime:0.000075s ]
INFO: [ template_filter ] --END-- [ RunTime:0.000177s ]
INFO: Run Behavior\ParseTemplateBehavior [ RunTime:0.014727s ]
INFO: [ view_parse ] --END-- [ RunTime:0.014825s ]
INFO: [ view_filter ] --START--
INFO: Run Behavior\WriteHtmlCacheBehavior [ RunTime:0.000173s ]
INFO: [ view_filter ] --END-- [ RunTime:0.000246s ]
INFO: [ app_end ] --START--
INFO: Run Behavior\ShowPageTraceBehavior [ RunTime:0.000550s ]
INFO: [ app_end ] --END-- [ RunTime:0.000635s ]

[ 2014-12-08T12:19:29+08:00 ] 127.0.0.1 /index.php?m=User&c=Index&a=receipt
INFO: [ app_begin ] --START--
INFO: Run Behavior\ReadHtmlCacheBehavior [ RunTime:0.000640s ]
INFO: [ app_begin ] --END-- [ RunTime:0.001036s ]
SQL: SHOW COLUMNS FROM `goods_cate` [ RunTime:0.032402s ]
SQL: SELECT * FROM `goods_cate` WHERE ( pid=0 )  [ RunTime:0.000260s ]
NOTIC: [8] Use of undefined constant user - assumed 'user' /Users/tc/www/clfshop/Application/Common/Controller/HomeController.class.php 第 20 行.
SQL: SHOW COLUMNS FROM `order` [ RunTime:0.010915s ]
SQL: UPDATE `order` SET `stat`='已收货' WHERE ( id=2 ) [ RunTime:0.027124s ]
INFO: [ view_parse ] --START--
INFO: [ template_filter ] --START--
INFO: Run Behavior\ContentReplaceBehavior [ RunTime:0.000092s ]
INFO: [ template_filter ] --END-- [ RunTime:0.000224s ]
INFO: Run Behavior\ParseTemplateBehavior [ RunTime:0.015085s ]
INFO: [ view_parse ] --END-- [ RunTime:0.015202s ]
INFO: [ view_filter ] --START--
INFO: Run Behavior\WriteHtmlCacheBehavior [ RunTime:0.000175s ]
INFO: [ view_filter ] --END-- [ RunTime:0.000250s ]
INFO: [ app_end ] --START--
INFO: Run Behavior\ShowPageTraceBehavior [ RunTime:0.000534s ]
INFO: [ app_end ] --END-- [ RunTime:0.000613s ]

[ 2014-12-08T12:20:43+08:00 ] 127.0.0.1 /index.php?m=User&c=Index&a=receipt
INFO: [ app_begin ] --START--
INFO: Run Behavior\ReadHtmlCacheBehavior [ RunTime:0.002087s ]
INFO: [ app_begin ] --END-- [ RunTime:0.003027s ]
SQL: SHOW COLUMNS FROM `goods_cate` [ RunTime:0.007568s ]
SQL: SELECT * FROM `goods_cate` WHERE ( pid=0 )  [ RunTime:0.000452s ]
NOTIC: [8] Use of undefined constant user - assumed 'user' /Users/tc/www/clfshop/Application/Common/Controller/HomeController.class.php 第 20 行.
SQL: SHOW COLUMNS FROM `order` [ RunTime:0.002319s ]
SQL: UPDATE `order` SET `stat`='已收货' WHERE ( id=8 ) [ RunTime:0.000540s ]
INFO: [ view_parse ] --START--
INFO: [ template_filter ] --START--
INFO: Run Behavior\ContentReplaceBehavior [ RunTime:0.000083s ]
INFO: [ template_filter ] --END-- [ RunTime:0.000214s ]
INFO: Run Behavior\ParseTemplateBehavior [ RunTime:0.021611s ]
INFO: [ view_parse ] --END-- [ RunTime:0.021742s ]
INFO: [ view_filter ] --START--
INFO: Run Behavior\WriteHtmlCacheBehavior [ RunTime:0.000184s ]
INFO: [ view_filter ] --END-- [ RunTime:0.000315s ]
INFO: [ app_end ] --START--
INFO: Run Behavior\ShowPageTraceBehavior [ RunTime:0.000765s ]
INFO: [ app_end ] --END-- [ RunTime:0.000945s ]

[ 2014-12-08T12:21:30+08:00 ] 127.0.0.1 /index.php?m=User&c=Index&a=receipt
INFO: [ app_begin ] --START--
INFO: Run Behavior\ReadHtmlCacheBehavior [ RunTime:0.000576s ]
INFO: [ app_begin ] --END-- [ RunTime:0.001025s ]
SQL: SHOW COLUMNS FROM `goods_cate` [ RunTime:0.001339s ]
SQL: SELECT * FROM `goods_cate` WHERE ( pid=0 )  [ RunTime:0.000230s ]
NOTIC: [8] Use of undefined constant user - assumed 'user' /Users/tc/www/clfshop/Application/Common/Controller/HomeController.class.php 第 20 行.
SQL: SHOW COLUMNS FROM `order` [ RunTime:0.001335s ]
SQL: UPDATE `order` SET `stat`='已收货' WHERE ( id=9 ) [ RunTime:0.000477s ]
INFO: [ view_parse ] --START--
INFO: [ template_filter ] --START--
INFO: Run Behavior\ContentReplaceBehavior [ RunTime:0.000086s ]
INFO: [ template_filter ] --END-- [ RunTime:0.000242s ]
INFO: Run Behavior\ParseTemplateBehavior [ RunTime:0.017706s ]
INFO: [ view_parse ] --END-- [ RunTime:0.017835s ]
INFO: [ view_filter ] --START--
INFO: Run Behavior\WriteHtmlCacheBehavior [ RunTime:0.000194s ]
INFO: [ view_filter ] --END-- [ RunTime:0.000270s ]
INFO: [ app_end ] --START--
INFO: Run Behavior\ShowPageTraceBehavior [ RunTime:0.000561s ]
INFO: [ app_end ] --END-- [ RunTime:0.000642s ]

[ 2014-12-08T12:25:06+08:00 ] 127.0.0.1 /index.php?m=User&c=Index&a=receipt
INFO: [ app_begin ] --START--
INFO: Run Behavior\ReadHtmlCacheBehavior [ RunTime:0.000605s ]
INFO: [ app_begin ] --END-- [ RunTime:0.001008s ]
SQL: SHOW COLUMNS FROM `goods_cate` [ RunTime:0.001685s ]
SQL: SELECT * FROM `goods_cate` WHERE ( pid=0 )  [ RunTime:0.000196s ]
NOTIC: [8] Use of undefined constant user - assumed 'user' /Users/tc/www/clfshop/Application/Common/Controller/HomeController.class.php 第 20 行.
SQL: SHOW COLUMNS FROM `order` [ RunTime:0.001559s ]
SQL: UPDATE `order` SET `stat`='已收货' WHERE ( id=1 ) [ RunTime:0.000538s ]
ERR: 模板不存在:./Application/User/View/Index/receipt.html

[ 2014-12-08T12:25:07+08:00 ] 127.0.0.1 /index.php?m=User&c=Index&a=receipt
INFO: [ app_begin ] --START--
INFO: Run Behavior\ReadHtmlCacheBehavior [ RunTime:0.000493s ]
INFO: [ app_begin ] --END-- [ RunTime:0.000859s ]
SQL: SHOW COLUMNS FROM `goods_cate` [ RunTime:0.001779s ]
SQL: SELECT * FROM `goods_cate` WHERE ( pid=0 )  [ RunTime:0.000186s ]
NOTIC: [8] Use of undefined constant user - assumed 'user' /Users/tc/www/clfshop/Application/Common/Controller/HomeController.class.php 第 20 行.
SQL: SHOW COLUMNS FROM `order` [ RunTime:0.001495s ]
SQL: UPDATE `order` SET `stat`='已收货' WHERE ( id=1 ) [ RunTime:0.000568s ]
ERR: 模板不存在:./Application/User/View/Index/receipt.html

[ 2014-12-08T12:25:09+08:00 ] 127.0.0.1 /index.php?m=User&c=Index&a=receipt
INFO: [ app_begin ] --START--
INFO: Run Behavior\ReadHtmlCacheBehavior [ RunTime:0.000500s ]
INFO: [ app_begin ] --END-- [ RunTime:0.000871s ]
SQL: SHOW COLUMNS FROM `goods_cate` [ RunTime:0.001754s ]
SQL: SELECT * FROM `goods_cate` WHERE ( pid=0 )  [ RunTime:0.000223s ]
NOTIC: [8] Use of undefined constant user - assumed 'user' /Users/tc/www/clfshop/Application/Common/Controller/HomeController.class.php 第 20 行.
SQL: SHOW COLUMNS FROM `order` [ RunTime:0.001698s ]
SQL: UPDATE `order` SET `stat`='已收货' WHERE ( id=2 ) [ RunTime:0.000586s ]
ERR: 模板不存在:./Application/User/View/Index/receipt.html

[ 2014-12-08T12:26:30+08:00 ] 127.0.0.1 /index.php?m=User&c=Index&a=receipt
INFO: [ app_begin ] --START--
INFO: Run Behavior\ReadHtmlCacheBehavior [ RunTime:0.000521s ]
INFO: [ app_begin ] --END-- [ RunTime:0.000964s ]
SQL: SHOW COLUMNS FROM `goods_cate` [ RunTime:0.001307s ]
SQL: SELECT * FROM `goods_cate` WHERE ( pid=0 )  [ RunTime:0.000260s ]
NOTIC: [8] Use of undefined constant user - assumed 'user' /Users/tc/www/clfshop/Application/Common/Controller/HomeController.class.php 第 20 行.
SQL: SHOW COLUMNS FROM `order` [ RunTime:0.001594s ]
SQL: UPDATE `order` SET `stat`='已收货' WHERE ( id=1 ) [ RunTime:0.000623s ]
ERR: 模板不存在:./Application/User/View/Index/receipt.html
NOTIC: [2] Cannot modify header information - headers already sent by (output started at /Users/tc/www/clfshop/Application/User/Controller/IndexController.class.php:57) /Users/tc/www/clfshop/ThinkPHP/Library/Think/Think.class.php 第 229 行.
NOTIC: [2] Cannot modify header information - headers already sent by (output started at /Users/tc/www/clfshop/Application/User/Controller/IndexController.class.php:57) /Users/tc/www/clfshop/ThinkPHP/Library/Think/Think.class.php 第 230 行.

[ 2014-12-08T12:28:23+08:00 ] 127.0.0.1 /index.php?m=User&c=Index&a=receipt
INFO: [ app_begin ] --START--
INFO: Run Behavior\ReadHtmlCacheBehavior [ RunTime:0.000647s ]
INFO: [ app_begin ] --END-- [ RunTime:0.001073s ]
SQL: SHOW COLUMNS FROM `goods_cate` [ RunTime:0.001672s ]
SQL: SELECT * FROM `goods_cate` WHERE ( pid=0 )  [ RunTime:0.000195s ]
NOTIC: [8] Use of undefined constant user - assumed 'user' /Users/tc/www/clfshop/Application/Common/Controller/HomeController.class.php 第 20 行.
SQL: SHOW COLUMNS FROM `order` [ RunTime:0.001528s ]
SQL: UPDATE `order` SET `stat`='已收货' WHERE ( id=1 ) [ RunTime:0.000548s ]
ERR: 模板不存在:./Application/User/View/Index/receipt.html

[ 2014-12-08T12:29:32+08:00 ] 127.0.0.1 /index.php?m=User&c=Index&a=receipt
INFO: [ app_begin ] --START--
INFO: Run Behavior\ReadHtmlCacheBehavior [ RunTime:0.000591s ]
INFO: [ app_begin ] --END-- [ RunTime:0.000996s ]
SQL: SHOW COLUMNS FROM `goods_cate` [ RunTime:0.001732s ]
SQL: SELECT * FROM `goods_cate` WHERE ( pid=0 )  [ RunTime:0.000187s ]
NOTIC: [8] Use of undefined constant user - assumed 'user' /Users/tc/www/clfshop/Application/Common/Controller/HomeController.class.php 第 20 行.
SQL: SHOW COLUMNS FROM `order` [ RunTime:0.001591s ]
SQL: UPDATE `order` SET `stat`='已收货' WHERE ( id=1 ) [ RunTime:0.000612s ]
ERR: 模板不存在:./Application/User/View/Index/receipt.html

[ 2014-12-08T12:29:47+08:00 ] 127.0.0.1 /index.php?m=User&c=Index&a=receipt
INFO: [ app_begin ] --START--
INFO: Run Behavior\ReadHtmlCacheBehavior [ RunTime:0.000623s ]
INFO: [ app_begin ] --END-- [ RunTime:0.001041s ]
SQL: SHOW COLUMNS FROM `goods_cate` [ RunTime:0.001653s ]
SQL: SELECT * FROM `goods_cate` WHERE ( pid=0 )  [ RunTime:0.000188s ]
NOTIC: [8] Use of undefined constant user - assumed 'user' /Users/tc/www/clfshop/Application/Common/Controller/HomeController.class.php 第 20 行.
SQL: SHOW COLUMNS FROM `order` [ RunTime:0.001607s ]
SQL: UPDATE `order` SET `stat`='已收货' WHERE ( id=1 ) [ RunTime:0.000613s ]
ERR: 模板不存在:./Application/User/View/Index/receipt.html

[ 2014-12-08T12:32:47+08:00 ] 127.0.0.1 /index.php?m=User&c=Index&a=receipt
INFO: [ app_begin ] --START--
INFO: Run Behavior\ReadHtmlCacheBehavior [ RunTime:0.000566s ]
INFO: [ app_begin ] --END-- [ RunTime:0.000973s ]
SQL: SHOW COLUMNS FROM `goods_cate` [ RunTime:0.001837s ]
SQL: SELECT * FROM `goods_cate` WHERE ( pid=0 )  [ RunTime:0.000233s ]
NOTIC: [8] Use of undefined constant user - assumed 'user' /Users/tc/www/clfshop/Application/Common/Controller/HomeController.class.php 第 20 行.
SQL: SHOW COLUMNS FROM `order` [ RunTime:0.001582s ]
SQL: UPDATE `order` SET `stat`='已收货' WHERE ( id=1 ) [ RunTime:0.000547s ]
ERR: 模板不存在:./Application/User/View/Index/receipt.html

[ 2014-12-08T12:33:38+08:00 ] 127.0.0.1 /index.php?m=User&c=Index&a=receipt
INFO: [ app_begin ] --START--
INFO: Run Behavior\ReadHtmlCacheBehavior [ RunTime:0.000505s ]
INFO: [ app_begin ] --END-- [ RunTime:0.000890s ]
SQL: SHOW COLUMNS FROM `goods_cate` [ RunTime:0.001638s ]
SQL: SELECT * FROM `goods_cate` WHERE ( pid=0 )  [ RunTime:0.000189s ]
NOTIC: [8] Use of undefined constant user - assumed 'user' /Users/tc/www/clfshop/Application/Common/Controller/HomeController.class.php 第 20 行.
SQL: SHOW COLUMNS FROM `order` [ RunTime:0.001510s ]
SQL: UPDATE `order` SET `stat`='已收货' WHERE ( id=1 ) [ RunTime:0.000535s ]
ERR: 模板不存在:./Application/User/View/Index/receipt.html

[ 2014-12-08T12:33:56+08:00 ] 127.0.0.1 /index.php?m=User&c=Index&a=receipt
INFO: [ app_begin ] --START--
INFO: Run Behavior\ReadHtmlCacheBehavior [ RunTime:0.000499s ]
INFO: [ app_begin ] --END-- [ RunTime:0.000876s ]
SQL: SHOW COLUMNS FROM `goods_cate` [ RunTime:0.065988s ]
SQL: SELECT * FROM `goods_cate` WHERE ( pid=0 )  [ RunTime:0.000284s ]
NOTIC: [8] Use of undefined constant user - assumed 'user' /Users/tc/www/clfshop/Application/Common/Controller/HomeController.class.php 第 20 行.
SQL: SHOW COLUMNS FROM `order` [ RunTime:0.037889s ]
SQL: UPDATE `order` SET `stat`='已收货' WHERE ( id=1 ) [ RunTime:0.000577s ]
ERR: 模板不存在:./Application/User/View/Index/receipt.html

[ 2014-12-08T12:34:09+08:00 ] 127.0.0.1 /index.php?m=User&c=Index&a=receipt
INFO: [ app_begin ] --START--
INFO: Run Behavior\ReadHtmlCacheBehavior [ RunTime:0.000848s ]
INFO: [ app_begin ] --END-- [ RunTime:0.001247s ]
SQL: SHOW COLUMNS FROM `goods_cate` [ RunTime:0.001712s ]
SQL: SELECT * FROM `goods_cate` WHERE ( pid=0 )  [ RunTime:0.000194s ]
NOTIC: [8] Use of undefined constant user - assumed 'user' /Users/tc/www/clfshop/Application/Common/Controller/HomeController.class.php 第 20 行.
SQL: SHOW COLUMNS FROM `order` [ RunTime:0.001502s ]
SQL: UPDATE `order` SET `stat`='已收货' WHERE ( id=1 ) [ RunTime:0.000577s ]
ERR: 模板不存在:./Application/User/View/Index/receipt.html

[ 2014-12-08T12:34:23+08:00 ] 127.0.0.1 /index.php?m=User&c=Index&a=receipt
ERR: 模板不存在:./Application/User/View/Index/receipt.html

[ 2014-12-08T12:34:57+08:00 ] 127.0.0.1 /index.php?m=User&c=Index&a=receipt
ERR: 模板不存在:./Application/User/View/Index/receipt.html

[ 2014-12-08T12:35:24+08:00 ] 127.0.0.1 /index.php?m=User&c=Index&a=receipt
ERR: 模板不存在:./Application/User/View/Index/receipt.html

[ 2014-12-08T12:35:58+08:00 ] 127.0.0.1 /index.php?m=User&c=Index&a=receipt
INFO: [ app_begin ] --START--
INFO: Run Behavior\ReadHtmlCacheBehavior [ RunTime:0.000505s ]
INFO: [ app_begin ] --END-- [ RunTime:0.000875s ]
SQL: SHOW COLUMNS FROM `goods_cate` [ RunTime:0.001573s ]
SQL: SELECT * FROM `goods_cate` WHERE ( pid=0 )  [ RunTime:0.000193s ]
NOTIC: [8] Use of undefined constant user - assumed 'user' /Users/tc/www/clfshop/Application/Common/Controller/HomeController.class.php 第 20 行.
SQL: SHOW COLUMNS FROM `order` [ RunTime:0.001292s ]
SQL: UPDATE `order` SET `stat`='已收货' WHERE ( id=1 ) [ RunTime:0.000521s ]
INFO: [ app_end ] --START--
INFO: Run Behavior\ShowPageTraceBehavior [ RunTime:0.000708s ]
INFO: [ app_end ] --END-- [ RunTime:0.000806s ]

[ 2014-12-08T12:36:35+08:00 ] 127.0.0.1 /index.php?m=User&c=Index&a=receipt
INFO: [ app_begin ] --START--
INFO: Run Behavior\ReadHtmlCacheBehavior [ RunTime:0.000568s ]
INFO: [ app_begin ] --END-- [ RunTime:0.000995s ]
SQL: SHOW COLUMNS FROM `goods_cate` [ RunTime:0.001706s ]
SQL: SELECT * FROM `goods_cate` WHERE ( pid=0 )  [ RunTime:0.000189s ]
NOTIC: [8] Use of undefined constant user - assumed 'user' /Users/tc/www/clfshop/Application/Common/Controller/HomeController.class.php 第 20 行.
SQL: SHOW COLUMNS FROM `order` [ RunTime:0.001569s ]
SQL: UPDATE `order` SET `stat`='已收货' WHERE ( id=1 ) [ RunTime:0.000580s ]
INFO: [ app_end ] --START--
INFO: Run Behavior\ShowPageTraceBehavior [ RunTime:0.000742s ]
INFO: [ app_end ] --END-- [ RunTime:0.000832s ]

[ 2014-12-08T12:36:51+08:00 ] 127.0.0.1 /index.php?m=User&c=Index&a=receipt
INFO: [ app_begin ] --START--
INFO: Run Behavior\ReadHtmlCacheBehavior [ RunTime:0.000513s ]
INFO: [ app_begin ] --END-- [ RunTime:0.000895s ]
SQL: SHOW COLUMNS FROM `goods_cate` [ RunTime:0.001296s ]
SQL: SELECT * FROM `goods_cate` WHERE ( pid=0 )  [ RunTime:0.000195s ]
NOTIC: [8] Use of undefined constant user - assumed 'user' /Users/tc/www/clfshop/Application/Common/Controller/HomeController.class.php 第 20 行.
SQL: SHOW COLUMNS FROM `order` [ RunTime:0.001270s ]
SQL: UPDATE `order` SET `stat`='已收货' WHERE ( id=1 ) [ RunTime:0.000606s ]
INFO: [ app_end ] --START--
INFO: Run Behavior\ShowPageTraceBehavior [ RunTime:0.000678s ]
INFO: [ app_end ] --END-- [ RunTime:0.000790s ]

[ 2014-12-08T12:36:53+08:00 ] 127.0.0.1 /index.php?m=User&c=Index&a=receipt
INFO: [ app_begin ] --START--
INFO: Run Behavior\ReadHtmlCacheBehavior [ RunTime:0.000517s ]
INFO: [ app_begin ] --END-- [ RunTime:0.000902s ]
SQL: SHOW COLUMNS FROM `goods_cate` [ RunTime:0.001365s ]
SQL: SELECT * FROM `goods_cate` WHERE ( pid=0 )  [ RunTime:0.000268s ]
NOTIC: [8] Use of undefined constant user - assumed 'user' /Users/tc/www/clfshop/Application/Common/Controller/HomeController.class.php 第 20 行.
SQL: SHOW COLUMNS FROM `order` [ RunTime:0.001382s ]
SQL: UPDATE `order` SET `stat`='已收货' WHERE ( id=2 ) [ RunTime:0.000446s ]
INFO: [ app_end ] --START--
INFO: Run Behavior\ShowPageTraceBehavior [ RunTime:0.000668s ]
INFO: [ app_end ] --END-- [ RunTime:0.000760s ]

[ 2014-12-08T12:36:56+08:00 ] 127.0.0.1 /index.php?m=User&c=Index&a=receipt
INFO: [ app_begin ] --START--
INFO: Run Behavior\ReadHtmlCacheBehavior [ RunTime:0.000513s ]
INFO: [ app_begin ] --END-- [ RunTime:0.000886s ]
SQL: SHOW COLUMNS FROM `goods_cate` [ RunTime:0.180940s ]
SQL: SELECT * FROM `goods_cate` WHERE ( pid=0 )  [ RunTime:0.000330s ]
NOTIC: [8] Use of undefined constant user - assumed 'user' /Users/tc/www/clfshop/Application/Common/Controller/HomeController.class.php 第 20 行.
SQL: SHOW COLUMNS FROM `order` [ RunTime:0.039738s ]
SQL: UPDATE `order` SET `stat`='已收货' WHERE ( id=8 ) [ RunTime:0.000511s ]
INFO: [ app_end ] --START--
INFO: Run Behavior\ShowPageTraceBehavior [ RunTime:0.000733s ]
INFO: [ app_end ] --END-- [ RunTime:0.000822s ]

[ 2014-12-08T12:37:14+08:00 ] 127.0.0.1 /index.php?m=User&c=Index&a=receipt
INFO: [ app_begin ] --START--
INFO: Run Behavior\ReadHtmlCacheBehavior [ RunTime:0.000504s ]
INFO: [ app_begin ] --END-- [ RunTime:0.000873s ]
SQL: SHOW COLUMNS FROM `goods_cate` [ RunTime:0.001682s ]
SQL: SELECT * FROM `goods_cate` WHERE ( pid=0 )  [ RunTime:0.000287s ]
NOTIC: [8] Use of undefined constant user - assumed 'user' /Users/tc/www/clfshop/Application/Common/Controller/HomeController.class.php 第 20 行.
SQL: SHOW COLUMNS FROM `order` [ RunTime:0.001720s ]
SQL: UPDATE `order` SET `stat`='已收货' WHERE ( id=2 ) [ RunTime:0.000615s ]
INFO: [ app_end ] --START--
INFO: Run Behavior\ShowPageTraceBehavior [ RunTime:0.000674s ]
INFO: [ app_end ] --END-- [ RunTime:0.000770s ]

[ 2014-12-08T12:38:14+08:00 ] 127.0.0.1 /index.php?m=User&c=Index&a=receipt
INFO: [ app_begin ] --START--
INFO: Run Behavior\ReadHtmlCacheBehavior [ RunTime:0.000501s ]
INFO: [ app_begin ] --END-- [ RunTime:0.000872s ]
SQL: SHOW COLUMNS FROM `goods_cate` [ RunTime:0.001814s ]
SQL: SELECT * FROM `goods_cate` WHERE ( pid=0 )  [ RunTime:0.000238s ]
NOTIC: [8] Use of undefined constant user - assumed 'user' /Users/tc/www/clfshop/Application/Common/Controller/HomeController.class.php 第 20 行.
SQL: SHOW COLUMNS FROM `order` [ RunTime:0.001602s ]
SQL: UPDATE `order` SET `stat`='已收货' WHERE ( id=8 ) [ RunTime:0.000540s ]
INFO: [ app_end ] --START--
INFO: Run Behavior\ShowPageTraceBehavior [ RunTime:0.000645s ]
INFO: [ app_end ] --END-- [ RunTime:0.000729s ]

