[ 2014-12-05T21:16:27+08:00 ] 127.0.0.1 /index.php?m=User&c=Index&a=ajax_car
INFO: [ app_begin ] --START--
INFO: Run Behavior\ReadHtmlCacheBehavior [ RunTime:0.000573s ]
INFO: [ app_begin ] --END-- [ RunTime:0.001002s ]
SQL: SHOW COLUMNS FROM `goods_cate` [ RunTime:0.001743s ]
SQL: SELECT * FROM `goods_cate` WHERE ( pid=0 )  [ RunTime:0.000209s ]
NOTIC: [8] Use of undefined constant user - assumed 'user' /Users/tc/www/thinkphp/Application/Common/Controller/HomeController.class.php 第 20 行.
ERR: 非法操作:ajax_car

[ 2014-12-05T21:16:28+08:00 ] 127.0.0.1 /index.php?m=User&c=Index&a=ajax_car
INFO: [ app_begin ] --START--
INFO: Run Behavior\ReadHtmlCacheBehavior [ RunTime:0.000566s ]
INFO: [ app_begin ] --END-- [ RunTime:0.000951s ]
SQL: SHOW COLUMNS FROM `goods_cate` [ RunTime:0.001771s ]
SQL: SELECT * FROM `goods_cate` WHERE ( pid=0 )  [ RunTime:0.000269s ]
NOTIC: [8] Use of undefined constant user - assumed 'user' /Users/tc/www/thinkphp/Application/Common/Controller/HomeController.class.php 第 20 行.
ERR: 非法操作:ajax_car

[ 2014-12-05T21:27:38+08:00 ] 127.0.0.1 /index.php?m=User&c=Index&a=ajax_car
INFO: [ app_begin ] --START--
INFO: Run Behavior\ReadHtmlCacheBehavior [ RunTime:0.000506s ]
INFO: [ app_begin ] --END-- [ RunTime:0.000915s ]
SQL: SHOW COLUMNS FROM `goods_cate` [ RunTime:0.001256s ]
SQL: SELECT * FROM `goods_cate` WHERE ( pid=0 )  [ RunTime:0.000196s ]
NOTIC: [8] Use of undefined constant user - assumed 'user' /Users/tc/www/thinkphp/Application/Common/Controller/HomeController.class.php 第 20 行.
ERR: 非法操作:ajax_car

[ 2014-12-05T21:29:05+08:00 ] 127.0.0.1 /index.php?m=User&c=Index&a=car_ajax
INFO: [ app_begin ] --START--
INFO: Run Behavior\ReadHtmlCacheBehavior [ RunTime:0.000556s ]
INFO: [ app_begin ] --END-- [ RunTime:0.001007s ]
SQL: SHOW COLUMNS FROM `goods_cate` [ RunTime:0.001372s ]
SQL: SELECT * FROM `goods_cate` WHERE ( pid=0 )  [ RunTime:0.000188s ]
NOTIC: [8] Use of undefined constant user - assumed 'user' /Users/tc/www/thinkphp/Application/Common/Controller/HomeController.class.php 第 20 行.
INFO: [ app_end ] --START--
INFO: Run Behavior\ShowPageTraceBehavior [ RunTime:0.000616s ]
INFO: [ app_end ] --END-- [ RunTime:0.000701s ]

[ 2014-12-05T21:33:54+08:00 ] 127.0.0.1 /index.php?m=User&c=Index&a=car_ajax
INFO: [ app_begin ] --START--
INFO: Run Behavior\ReadHtmlCacheBehavior [ RunTime:0.000561s ]
INFO: [ app_begin ] --END-- [ RunTime:0.001035s ]
SQL: SHOW COLUMNS FROM `goods_cate` [ RunTime:0.001664s ]
SQL: SELECT * FROM `goods_cate` WHERE ( pid=0 )  [ RunTime:0.000185s ]
NOTIC: [8] Use of undefined constant user - assumed 'user' /Users/tc/www/thinkphp/Application/Common/Controller/HomeController.class.php 第 20 行.
INFO: [ app_end ] --START--
INFO: Run Behavior\ShowPageTraceBehavior [ RunTime:0.000633s ]
INFO: [ app_end ] --END-- [ RunTime:0.000721s ]

[ 2014-12-05T21:33:55+08:00 ] 127.0.0.1 /index.php?m=User&c=Index&a=car_ajax
INFO: [ app_begin ] --START--
INFO: Run Behavior\ReadHtmlCacheBehavior [ RunTime:0.000568s ]
INFO: [ app_begin ] --END-- [ RunTime:0.000981s ]
SQL: SHOW COLUMNS FROM `goods_cate` [ RunTime:0.002058s ]
SQL: SELECT * FROM `goods_cate` WHERE ( pid=0 )  [ RunTime:0.000254s ]
NOTIC: [8] Use of undefined constant user - assumed 'user' /Users/tc/www/thinkphp/Application/Common/Controller/HomeController.class.php 第 20 行.
INFO: [ app_end ] --START--
INFO: Run Behavior\ShowPageTraceBehavior [ RunTime:0.000652s ]
INFO: [ app_end ] --END-- [ RunTime:0.000741s ]

[ 2014-12-05T21:33:56+08:00 ] 127.0.0.1 /index.php?m=User&c=Index&a=car_ajax
INFO: [ app_begin ] --START--
INFO: Run Behavior\ReadHtmlCacheBehavior [ RunTime:0.000496s ]
INFO: [ app_begin ] --END-- [ RunTime:0.000863s ]
SQL: SHOW COLUMNS FROM `goods_cate` [ RunTime:0.001289s ]
SQL: SELECT * FROM `goods_cate` WHERE ( pid=0 )  [ RunTime:0.000192s ]
NOTIC: [8] Use of undefined constant user - assumed 'user' /Users/tc/www/thinkphp/Application/Common/Controller/HomeController.class.php 第 20 行.
INFO: [ app_end ] --START--
INFO: Run Behavior\ShowPageTraceBehavior [ RunTime:0.000624s ]
INFO: [ app_end ] --END-- [ RunTime:0.000709s ]

[ 2014-12-05T22:01:22+08:00 ] 127.0.0.1 /index.php?m=User&c=Index&a=car_ajax
INFO: [ app_begin ] --START--
INFO: Run Behavior\ReadHtmlCacheBehavior [ RunTime:0.000711s ]
INFO: [ app_begin ] --END-- [ RunTime:0.001151s ]
SQL: SHOW COLUMNS FROM `goods_cate` [ RunTime:0.001257s ]
SQL: SELECT * FROM `goods_cate` WHERE ( pid=0 )  [ RunTime:0.000197s ]
NOTIC: [8] Use of undefined constant user - assumed 'user' /Users/tc/www/thinkphp/Application/Common/Controller/HomeController.class.php 第 20 行.
INFO: [ app_end ] --START--
INFO: Run Behavior\ShowPageTraceBehavior [ RunTime:0.000632s ]
INFO: [ app_end ] --END-- [ RunTime:0.000718s ]

[ 2014-12-05T22:01:23+08:00 ] 127.0.0.1 /index.php?m=User&c=Index&a=car_ajax
INFO: [ app_begin ] --START--
INFO: Run Behavior\ReadHtmlCacheBehavior [ RunTime:0.000503s ]
INFO: [ app_begin ] --END-- [ RunTime:0.000875s ]
SQL: SHOW COLUMNS FROM `goods_cate` [ RunTime:0.001729s ]
SQL: SELECT * FROM `goods_cate` WHERE ( pid=0 )  [ RunTime:0.000194s ]
NOTIC: [8] Use of undefined constant user - assumed 'user' /Users/tc/www/thinkphp/Application/Common/Controller/HomeController.class.php 第 20 行.
INFO: [ app_end ] --START--
INFO: Run Behavior\ShowPageTraceBehavior [ RunTime:0.000615s ]
INFO: [ app_end ] --END-- [ RunTime:0.000702s ]

[ 2014-12-05T22:01:24+08:00 ] 127.0.0.1 /index.php?m=User&c=Index&a=car_ajax
INFO: [ app_begin ] --START--
INFO: Run Behavior\ReadHtmlCacheBehavior [ RunTime:0.000530s ]
INFO: [ app_begin ] --END-- [ RunTime:0.000932s ]
SQL: SHOW COLUMNS FROM `goods_cate` [ RunTime:0.001809s ]
SQL: SELECT * FROM `goods_cate` WHERE ( pid=0 )  [ RunTime:0.000188s ]
NOTIC: [8] Use of undefined constant user - assumed 'user' /Users/tc/www/thinkphp/Application/Common/Controller/HomeController.class.php 第 20 行.
INFO: [ app_end ] --START--
INFO: Run Behavior\ShowPageTraceBehavior [ RunTime:0.000618s ]
INFO: [ app_end ] --END-- [ RunTime:0.000702s ]

[ 2014-12-05T22:01:25+08:00 ] 127.0.0.1 /index.php?m=User&c=Index&a=car_ajax
INFO: [ app_begin ] --START--
INFO: Run Behavior\ReadHtmlCacheBehavior [ RunTime:0.000606s ]
INFO: [ app_begin ] --END-- [ RunTime:0.001069s ]
SQL: SHOW COLUMNS FROM `goods_cate` [ RunTime:0.001791s ]
SQL: SELECT * FROM `goods_cate` WHERE ( pid=0 )  [ RunTime:0.000192s ]
NOTIC: [8] Use of undefined constant user - assumed 'user' /Users/tc/www/thinkphp/Application/Common/Controller/HomeController.class.php 第 20 行.
INFO: [ app_end ] --START--
INFO: Run Behavior\ShowPageTraceBehavior [ RunTime:0.000693s ]
INFO: [ app_end ] --END-- [ RunTime:0.000780s ]

[ 2014-12-05T22:01:26+08:00 ] 127.0.0.1 /index.php?m=User&c=Index&a=car_ajax
INFO: [ app_begin ] --START--
INFO: Run Behavior\ReadHtmlCacheBehavior [ RunTime:0.000515s ]
INFO: [ app_begin ] --END-- [ RunTime:0.000929s ]
SQL: SHOW COLUMNS FROM `goods_cate` [ RunTime:0.001275s ]
SQL: SELECT * FROM `goods_cate` WHERE ( pid=0 )  [ RunTime:0.000198s ]
NOTIC: [8] Use of undefined constant user - assumed 'user' /Users/tc/www/thinkphp/Application/Common/Controller/HomeController.class.php 第 20 行.
INFO: [ app_end ] --START--
INFO: Run Behavior\ShowPageTraceBehavior [ RunTime:0.000618s ]
INFO: [ app_end ] --END-- [ RunTime:0.000705s ]

[ 2014-12-05T22:01:27+08:00 ] 127.0.0.1 /index.php?m=User&c=Index&a=car_ajax
INFO: [ app_begin ] --START--
INFO: Run Behavior\ReadHtmlCacheBehavior [ RunTime:0.000513s ]
INFO: [ app_begin ] --END-- [ RunTime:0.000915s ]
SQL: SHOW COLUMNS FROM `goods_cate` [ RunTime:0.136564s ]
SQL: SELECT * FROM `goods_cate` WHERE ( pid=0 )  [ RunTime:0.000243s ]
NOTIC: [8] Use of undefined constant user - assumed 'user' /Users/tc/www/thinkphp/Application/Common/Controller/HomeController.class.php 第 20 行.
INFO: [ app_end ] --START--
INFO: Run Behavior\ShowPageTraceBehavior [ RunTime:0.000655s ]
INFO: [ app_end ] --END-- [ RunTime:0.000743s ]

[ 2014-12-05T22:01:27+08:00 ] 127.0.0.1 /index.php?m=User&c=Index&a=car_ajax
INFO: [ app_begin ] --START--
INFO: Run Behavior\ReadHtmlCacheBehavior [ RunTime:0.000603s ]
INFO: [ app_begin ] --END-- [ RunTime:0.000983s ]
SQL: SHOW COLUMNS FROM `goods_cate` [ RunTime:0.001622s ]
SQL: SELECT * FROM `goods_cate` WHERE ( pid=0 )  [ RunTime:0.000188s ]
NOTIC: [8] Use of undefined constant user - assumed 'user' /Users/tc/www/thinkphp/Application/Common/Controller/HomeController.class.php 第 20 行.
INFO: [ app_end ] --START--
INFO: Run Behavior\ShowPageTraceBehavior [ RunTime:0.000632s ]
INFO: [ app_end ] --END-- [ RunTime:0.000717s ]

[ 2014-12-05T22:01:37+08:00 ] 127.0.0.1 /index.php?m=User&c=Index&a=car_ajax
INFO: [ app_begin ] --START--
INFO: Run Behavior\ReadHtmlCacheBehavior [ RunTime:0.000581s ]
INFO: [ app_begin ] --END-- [ RunTime:0.001062s ]
SQL: SHOW COLUMNS FROM `goods_cate` [ RunTime:0.001752s ]
SQL: SELECT * FROM `goods_cate` WHERE ( pid=0 )  [ RunTime:0.000216s ]
NOTIC: [8] Use of undefined constant user - assumed 'user' /Users/tc/www/thinkphp/Application/Common/Controller/HomeController.class.php 第 20 行.
INFO: [ app_end ] --START--
INFO: Run Behavior\ShowPageTraceBehavior [ RunTime:0.000720s ]
INFO: [ app_end ] --END-- [ RunTime:0.000810s ]

[ 2014-12-05T22:01:37+08:00 ] 127.0.0.1 /index.php?m=User&c=Index&a=car_ajax
INFO: [ app_begin ] --START--
INFO: Run Behavior\ReadHtmlCacheBehavior [ RunTime:0.000584s ]
INFO: [ app_begin ] --END-- [ RunTime:0.001056s ]
SQL: SHOW COLUMNS FROM `goods_cate` [ RunTime:0.001806s ]
SQL: SELECT * FROM `goods_cate` WHERE ( pid=0 )  [ RunTime:0.000204s ]
NOTIC: [8] Use of undefined constant user - assumed 'user' /Users/tc/www/thinkphp/Application/Common/Controller/HomeController.class.php 第 20 行.
INFO: [ app_end ] --START--
INFO: Run Behavior\ShowPageTraceBehavior [ RunTime:0.000759s ]
INFO: [ app_end ] --END-- [ RunTime:0.000849s ]

[ 2014-12-05T22:01:38+08:00 ] 127.0.0.1 /index.php?m=User&c=Index&a=car_ajax
INFO: [ app_begin ] --START--
INFO: Run Behavior\ReadHtmlCacheBehavior [ RunTime:0.000502s ]
INFO: [ app_begin ] --END-- [ RunTime:0.000888s ]
SQL: SHOW COLUMNS FROM `goods_cate` [ RunTime:0.001287s ]
SQL: SELECT * FROM `goods_cate` WHERE ( pid=0 )  [ RunTime:0.000215s ]
NOTIC: [8] Use of undefined constant user - assumed 'user' /Users/tc/www/thinkphp/Application/Common/Controller/HomeController.class.php 第 20 行.
INFO: [ app_end ] --START--
INFO: Run Behavior\ShowPageTraceBehavior [ RunTime:0.000637s ]
INFO: [ app_end ] --END-- [ RunTime:0.000726s ]

[ 2014-12-05T22:01:38+08:00 ] 127.0.0.1 /index.php?m=User&c=Index&a=car_ajax
INFO: [ app_begin ] --START--
INFO: Run Behavior\ReadHtmlCacheBehavior [ RunTime:0.000558s ]
INFO: [ app_begin ] --END-- [ RunTime:0.000928s ]
SQL: SHOW COLUMNS FROM `goods_cate` [ RunTime:0.001447s ]
SQL: SELECT * FROM `goods_cate` WHERE ( pid=0 )  [ RunTime:0.000194s ]
NOTIC: [8] Use of undefined constant user - assumed 'user' /Users/tc/www/thinkphp/Application/Common/Controller/HomeController.class.php 第 20 行.
INFO: [ app_end ] --START--
INFO: Run Behavior\ShowPageTraceBehavior [ RunTime:0.000620s ]
INFO: [ app_end ] --END-- [ RunTime:0.000707s ]

[ 2014-12-05T22:49:04+08:00 ] 127.0.0.1 /index.php?m=User&c=Index&a=car_ajax
INFO: [ app_begin ] --START--
INFO: Run Behavior\ReadHtmlCacheBehavior [ RunTime:0.000571s ]
INFO: [ app_begin ] --END-- [ RunTime:0.001009s ]
SQL: SHOW COLUMNS FROM `goods_cate` [ RunTime:0.001700s ]
SQL: SELECT * FROM `goods_cate` WHERE ( pid=0 )  [ RunTime:0.000190s ]
NOTIC: [8] Use of undefined constant user - assumed 'user' /Users/tc/www/thinkphp/Application/Common/Controller/HomeController.class.php 第 20 行.
NOTIC: [2] Missing argument 1 for Think\Model::where(), called in /Users/tc/www/thinkphp/Application/User/Controller/IndexController.class.php on line 57 and defined /Users/tc/www/thinkphp/ThinkPHP/Library/Think/Model.class.php 第 1610 行.
NOTIC: [8] Undefined variable: where /Users/tc/www/thinkphp/ThinkPHP/Library/Think/Model.class.php 第 1618 行.
NOTIC: [8] Undefined variable: where /Users/tc/www/thinkphp/ThinkPHP/Library/Think/Model.class.php 第 1621 行.
NOTIC: [8] Undefined variable: where /Users/tc/www/thinkphp/ThinkPHP/Library/Think/Model.class.php 第 1629 行.
INFO: [ app_end ] --START--
INFO: Run Behavior\ShowPageTraceBehavior [ RunTime:0.000625s ]
INFO: [ app_end ] --END-- [ RunTime:0.000718s ]

[ 2014-12-05T22:50:30+08:00 ] 127.0.0.1 /index.php?m=User&c=Index&a=car_ajax
INFO: [ app_begin ] --START--
INFO: Run Behavior\ReadHtmlCacheBehavior [ RunTime:0.000736s ]
INFO: [ app_begin ] --END-- [ RunTime:0.001466s ]
SQL: SHOW COLUMNS FROM `goods_cate` [ RunTime:0.001685s ]
SQL: SELECT * FROM `goods_cate` WHERE ( pid=0 )  [ RunTime:0.000189s ]
NOTIC: [8] Use of undefined constant user - assumed 'user' /Users/tc/www/thinkphp/Application/Common/Controller/HomeController.class.php 第 20 行.
NOTIC: [2] Missing argument 1 for Think\Model::where(), called in /Users/tc/www/thinkphp/Application/User/Controller/IndexController.class.php on line 57 and defined /Users/tc/www/thinkphp/ThinkPHP/Library/Think/Model.class.php 第 1610 行.
NOTIC: [8] Undefined variable: where /Users/tc/www/thinkphp/ThinkPHP/Library/Think/Model.class.php 第 1618 行.
NOTIC: [8] Undefined variable: where /Users/tc/www/thinkphp/ThinkPHP/Library/Think/Model.class.php 第 1621 行.
NOTIC: [8] Undefined variable: where /Users/tc/www/thinkphp/ThinkPHP/Library/Think/Model.class.php 第 1629 行.
INFO: [ app_end ] --START--
INFO: Run Behavior\ShowPageTraceBehavior [ RunTime:0.000597s ]
INFO: [ app_end ] --END-- [ RunTime:0.000687s ]

[ 2014-12-05T22:50:32+08:00 ] 127.0.0.1 /index.php?m=User&c=Index&a=car_ajax
INFO: [ app_begin ] --START--
INFO: Run Behavior\ReadHtmlCacheBehavior [ RunTime:0.000618s ]
INFO: [ app_begin ] --END-- [ RunTime:0.001044s ]
SQL: SHOW COLUMNS FROM `goods_cate` [ RunTime:0.002089s ]
SQL: SELECT * FROM `goods_cate` WHERE ( pid=0 )  [ RunTime:0.000369s ]
NOTIC: [8] Use of undefined constant user - assumed 'user' /Users/tc/www/thinkphp/Application/Common/Controller/HomeController.class.php 第 20 行.
NOTIC: [2] Missing argument 1 for Think\Model::where(), called in /Users/tc/www/thinkphp/Application/User/Controller/IndexController.class.php on line 57 and defined /Users/tc/www/thinkphp/ThinkPHP/Library/Think/Model.class.php 第 1610 行.
NOTIC: [8] Undefined variable: where /Users/tc/www/thinkphp/ThinkPHP/Library/Think/Model.class.php 第 1618 行.
NOTIC: [8] Undefined variable: where /Users/tc/www/thinkphp/ThinkPHP/Library/Think/Model.class.php 第 1621 行.
NOTIC: [8] Undefined variable: where /Users/tc/www/thinkphp/ThinkPHP/Library/Think/Model.class.php 第 1629 行.
INFO: [ app_end ] --START--
INFO: Run Behavior\ShowPageTraceBehavior [ RunTime:0.000906s ]
INFO: [ app_end ] --END-- [ RunTime:0.001083s ]

[ 2014-12-05T22:51:15+08:00 ] 127.0.0.1 /index.php?m=User&c=Index&a=car_ajax
INFO: [ app_begin ] --START--
INFO: Run Behavior\ReadHtmlCacheBehavior [ RunTime:0.000572s ]
INFO: [ app_begin ] --END-- [ RunTime:0.001107s ]
SQL: SHOW COLUMNS FROM `goods_cate` [ RunTime:0.002216s ]
SQL: SELECT * FROM `goods_cate` WHERE ( pid=0 )  [ RunTime:0.000327s ]
NOTIC: [8] Use of undefined constant user - assumed 'user' /Users/tc/www/thinkphp/Application/Common/Controller/HomeController.class.php 第 20 行.
NOTIC: [2] Missing argument 1 for Think\Model::where(), called in /Users/tc/www/thinkphp/Application/User/Controller/IndexController.class.php on line 57 and defined /Users/tc/www/thinkphp/ThinkPHP/Library/Think/Model.class.php 第 1610 行.
NOTIC: [8] Undefined variable: where /Users/tc/www/thinkphp/ThinkPHP/Library/Think/Model.class.php 第 1618 行.
NOTIC: [8] Undefined variable: where /Users/tc/www/thinkphp/ThinkPHP/Library/Think/Model.class.php 第 1621 行.
NOTIC: [8] Undefined variable: where /Users/tc/www/thinkphp/ThinkPHP/Library/Think/Model.class.php 第 1629 行.
INFO: [ app_end ] --START--
INFO: Run Behavior\ShowPageTraceBehavior [ RunTime:0.000555s ]
INFO: [ app_end ] --END-- [ RunTime:0.000647s ]

[ 2014-12-05T22:55:16+08:00 ] 127.0.0.1 /index.php?m=User&c=Index&a=car_ajax
INFO: [ app_begin ] --START--
INFO: Run Behavior\ReadHtmlCacheBehavior [ RunTime:0.000635s ]
INFO: [ app_begin ] --END-- [ RunTime:0.001132s ]
SQL: SHOW COLUMNS FROM `goods_cate` [ RunTime:0.001489s ]
SQL: SELECT * FROM `goods_cate` WHERE ( pid=0 )  [ RunTime:0.000251s ]
NOTIC: [8] Use of undefined constant user - assumed 'user' /Users/tc/www/thinkphp/Application/Common/Controller/HomeController.class.php 第 20 行.
NOTIC: [2] Missing argument 1 for Think\Model::where(), called in /Users/tc/www/thinkphp/Application/User/Controller/IndexController.class.php on line 57 and defined /Users/tc/www/thinkphp/ThinkPHP/Library/Think/Model.class.php 第 1610 行.
NOTIC: [8] Undefined variable: where /Users/tc/www/thinkphp/ThinkPHP/Library/Think/Model.class.php 第 1618 行.
NOTIC: [8] Undefined variable: where /Users/tc/www/thinkphp/ThinkPHP/Library/Think/Model.class.php 第 1621 行.
NOTIC: [8] Undefined variable: where /Users/tc/www/thinkphp/ThinkPHP/Library/Think/Model.class.php 第 1629 行.
INFO: [ app_end ] --START--
INFO: Run Behavior\ShowPageTraceBehavior [ RunTime:0.000588s ]
INFO: [ app_end ] --END-- [ RunTime:0.000679s ]

[ 2014-12-05T22:55:21+08:00 ] 127.0.0.1 /index.php?m=User&c=Index&a=car_ajax
INFO: [ app_begin ] --START--
INFO: Run Behavior\ReadHtmlCacheBehavior [ RunTime:0.000610s ]
INFO: [ app_begin ] --END-- [ RunTime:0.001088s ]
SQL: SHOW COLUMNS FROM `goods_cate` [ RunTime:0.001310s ]
SQL: SELECT * FROM `goods_cate` WHERE ( pid=0 )  [ RunTime:0.000279s ]
NOTIC: [8] Use of undefined constant user - assumed 'user' /Users/tc/www/thinkphp/Application/Common/Controller/HomeController.class.php 第 20 行.
NOTIC: [2] Missing argument 1 for Think\Model::where(), called in /Users/tc/www/thinkphp/Application/User/Controller/IndexController.class.php on line 57 and defined /Users/tc/www/thinkphp/ThinkPHP/Library/Think/Model.class.php 第 1610 行.
NOTIC: [8] Undefined variable: where /Users/tc/www/thinkphp/ThinkPHP/Library/Think/Model.class.php 第 1618 行.
NOTIC: [8] Undefined variable: where /Users/tc/www/thinkphp/ThinkPHP/Library/Think/Model.class.php 第 1621 行.
NOTIC: [8] Undefined variable: where /Users/tc/www/thinkphp/ThinkPHP/Library/Think/Model.class.php 第 1629 行.
INFO: [ app_end ] --START--
INFO: Run Behavior\ShowPageTraceBehavior [ RunTime:0.000908s ]
INFO: [ app_end ] --END-- [ RunTime:0.001065s ]

[ 2014-12-05T22:57:07+08:00 ] 127.0.0.1 /index.php?m=User&c=Index&a=car_ajax
INFO: [ app_begin ] --START--
INFO: Run Behavior\ReadHtmlCacheBehavior [ RunTime:0.000637s ]
INFO: [ app_begin ] --END-- [ RunTime:0.001050s ]
SQL: SHOW COLUMNS FROM `goods_cate` [ RunTime:0.001780s ]
SQL: SELECT * FROM `goods_cate` WHERE ( pid=0 )  [ RunTime:0.000193s ]
NOTIC: [8] Use of undefined constant user - assumed 'user' /Users/tc/www/thinkphp/Application/Common/Controller/HomeController.class.php 第 20 行.
INFO: [ app_end ] --START--
INFO: Run Behavior\ShowPageTraceBehavior [ RunTime:0.000610s ]
INFO: [ app_end ] --END-- [ RunTime:0.000693s ]

[ 2014-12-05T22:57:08+08:00 ] 127.0.0.1 /index.php?m=User&c=Index&a=car_ajax
INFO: [ app_begin ] --START--
INFO: Run Behavior\ReadHtmlCacheBehavior [ RunTime:0.000499s ]
INFO: [ app_begin ] --END-- [ RunTime:0.000866s ]
SQL: SHOW COLUMNS FROM `goods_cate` [ RunTime:0.001742s ]
SQL: SELECT * FROM `goods_cate` WHERE ( pid=0 )  [ RunTime:0.000199s ]
NOTIC: [8] Use of undefined constant user - assumed 'user' /Users/tc/www/thinkphp/Application/Common/Controller/HomeController.class.php 第 20 行.
INFO: [ app_end ] --START--
INFO: Run Behavior\ShowPageTraceBehavior [ RunTime:0.000642s ]
INFO: [ app_end ] --END-- [ RunTime:0.000729s ]

[ 2014-12-05T23:01:42+08:00 ] 127.0.0.1 /index.php?m=User&c=Index&a=car_ajax
INFO: [ app_begin ] --START--
INFO: Run Behavior\ReadHtmlCacheBehavior [ RunTime:0.000512s ]
INFO: [ app_begin ] --END-- [ RunTime:0.000914s ]
SQL: SHOW COLUMNS FROM `goods_cate` [ RunTime:0.001672s ]
SQL: SELECT * FROM `goods_cate` WHERE ( pid=0 )  [ RunTime:0.000249s ]
NOTIC: [8] Use of undefined constant user - assumed 'user' /Users/tc/www/thinkphp/Application/Common/Controller/HomeController.class.php 第 20 行.
SQL: SHOW COLUMNS FROM `goods_car` [ RunTime:0.001616s ]
SQL: SHOW COLUMNS FROM `goods` [ RunTime:0.001879s ]
SQL: UPDATE goods_car goods_car  JOIN goods goods ON goods_car.gid=goods.id SET `count`='3' WHERE ( uid=4 and gid=9 ) [ RunTime:0.000242s ]
ERR: 1052:Column 'gid' in where clause is ambiguous
 [ SQL语句 ] : UPDATE goods_car goods_car  JOIN goods goods ON goods_car.gid=goods.id SET `count`='3' WHERE ( uid=4 and gid=9 )
INFO: [ app_end ] --START--
INFO: Run Behavior\ShowPageTraceBehavior [ RunTime:0.000726s ]
INFO: [ app_end ] --END-- [ RunTime:0.000877s ]

[ 2014-12-05T23:01:44+08:00 ] 127.0.0.1 /index.php?m=User&c=Index&a=car_ajax
INFO: [ app_begin ] --START--
INFO: Run Behavior\ReadHtmlCacheBehavior [ RunTime:0.000510s ]
INFO: [ app_begin ] --END-- [ RunTime:0.000881s ]
SQL: SHOW COLUMNS FROM `goods_cate` [ RunTime:0.001667s ]
SQL: SELECT * FROM `goods_cate` WHERE ( pid=0 )  [ RunTime:0.000203s ]
NOTIC: [8] Use of undefined constant user - assumed 'user' /Users/tc/www/thinkphp/Application/Common/Controller/HomeController.class.php 第 20 行.
SQL: SHOW COLUMNS FROM `goods_car` [ RunTime:0.001479s ]
SQL: SHOW COLUMNS FROM `goods` [ RunTime:0.001820s ]
SQL: UPDATE goods_car goods_car  JOIN goods goods ON goods_car.gid=goods.id SET `count`='4' WHERE ( uid=4 and gid=9 ) [ RunTime:0.000187s ]
ERR: 1052:Column 'gid' in where clause is ambiguous
 [ SQL语句 ] : UPDATE goods_car goods_car  JOIN goods goods ON goods_car.gid=goods.id SET `count`='4' WHERE ( uid=4 and gid=9 )
INFO: [ app_end ] --START--
INFO: Run Behavior\ShowPageTraceBehavior [ RunTime:0.000612s ]
INFO: [ app_end ] --END-- [ RunTime:0.000696s ]

[ 2014-12-05T23:01:54+08:00 ] 127.0.0.1 /index.php?m=User&c=Index&a=car_ajax
INFO: [ app_begin ] --START--
INFO: Run Behavior\ReadHtmlCacheBehavior [ RunTime:0.000554s ]
INFO: [ app_begin ] --END-- [ RunTime:0.000969s ]
SQL: SHOW COLUMNS FROM `goods_cate` [ RunTime:0.001695s ]
SQL: SELECT * FROM `goods_cate` WHERE ( pid=0 )  [ RunTime:0.000208s ]
NOTIC: [8] Use of undefined constant user - assumed 'user' /Users/tc/www/thinkphp/Application/Common/Controller/HomeController.class.php 第 20 行.
SQL: SHOW COLUMNS FROM `goods_car` [ RunTime:0.001495s ]
SQL: SHOW COLUMNS FROM `goods` [ RunTime:0.001806s ]
SQL: UPDATE goods_car goods_car  JOIN goods goods ON goods_car.gid=goods.id SET `count`='5' WHERE ( uid=4 and gid=9 ) [ RunTime:0.000195s ]
ERR: 1052:Column 'gid' in where clause is ambiguous
 [ SQL语句 ] : UPDATE goods_car goods_car  JOIN goods goods ON goods_car.gid=goods.id SET `count`='5' WHERE ( uid=4 and gid=9 )
INFO: [ app_end ] --START--
INFO: Run Behavior\ShowPageTraceBehavior [ RunTime:0.000665s ]
INFO: [ app_end ] --END-- [ RunTime:0.000752s ]

[ 2014-12-05T23:01:56+08:00 ] 127.0.0.1 /index.php?m=User&c=Index&a=car_ajax
INFO: [ app_begin ] --START--
INFO: Run Behavior\ReadHtmlCacheBehavior [ RunTime:0.000803s ]
INFO: [ app_begin ] --END-- [ RunTime:0.001194s ]
SQL: SHOW COLUMNS FROM `goods_cate` [ RunTime:0.001800s ]
SQL: SELECT * FROM `goods_cate` WHERE ( pid=0 )  [ RunTime:0.000227s ]
NOTIC: [8] Use of undefined constant user - assumed 'user' /Users/tc/www/thinkphp/Application/Common/Controller/HomeController.class.php 第 20 行.
SQL: SHOW COLUMNS FROM `goods_car` [ RunTime:0.001531s ]
SQL: SHOW COLUMNS FROM `goods` [ RunTime:0.001947s ]
SQL: UPDATE goods_car goods_car  JOIN goods goods ON goods_car.gid=goods.id SET `count`='6' WHERE ( uid=4 and gid=9 ) [ RunTime:0.000201s ]
ERR: 1052:Column 'gid' in where clause is ambiguous
 [ SQL语句 ] : UPDATE goods_car goods_car  JOIN goods goods ON goods_car.gid=goods.id SET `count`='6' WHERE ( uid=4 and gid=9 )
INFO: [ app_end ] --START--
INFO: Run Behavior\ShowPageTraceBehavior [ RunTime:0.000641s ]
INFO: [ app_end ] --END-- [ RunTime:0.000725s ]

[ 2014-12-05T23:02:37+08:00 ] 127.0.0.1 /index.php?m=User&c=Index&a=car_ajax
INFO: [ app_begin ] --START--
INFO: Run Behavior\ReadHtmlCacheBehavior [ RunTime:0.000697s ]
INFO: [ app_begin ] --END-- [ RunTime:0.001124s ]
SQL: SHOW COLUMNS FROM `goods_cate` [ RunTime:0.001647s ]
SQL: SELECT * FROM `goods_cate` WHERE ( pid=0 )  [ RunTime:0.000187s ]
NOTIC: [8] Use of undefined constant user - assumed 'user' /Users/tc/www/thinkphp/Application/Common/Controller/HomeController.class.php 第 20 行.
SQL: SHOW COLUMNS FROM `goods_car` [ RunTime:0.001468s ]
SQL: SHOW COLUMNS FROM `goods` [ RunTime:0.001996s ]
SQL: UPDATE goods_car goods_car  JOIN goods goods ON goods_car.gid=goods.id SET `count`='3' WHERE ( uid=4 and gid=9 ) [ RunTime:0.000179s ]
ERR: 1052:Column 'gid' in where clause is ambiguous
 [ SQL语句 ] : UPDATE goods_car goods_car  JOIN goods goods ON goods_car.gid=goods.id SET `count`='3' WHERE ( uid=4 and gid=9 )
INFO: [ app_end ] --START--
INFO: Run Behavior\ShowPageTraceBehavior [ RunTime:0.000631s ]
INFO: [ app_end ] --END-- [ RunTime:0.000716s ]

[ 2014-12-05T23:08:40+08:00 ] 127.0.0.1 /index.php?m=User&c=Index&a=car_ajax
INFO: [ app_begin ] --START--
INFO: Run Behavior\ReadHtmlCacheBehavior [ RunTime:0.000596s ]
INFO: [ app_begin ] --END-- [ RunTime:0.001042s ]
SQL: SHOW COLUMNS FROM `goods_cate` [ RunTime:0.001277s ]
SQL: SELECT * FROM `goods_cate` WHERE ( pid=0 )  [ RunTime:0.000188s ]
NOTIC: [8] Use of undefined constant user - assumed 'user' /Users/tc/www/thinkphp/Application/Common/Controller/HomeController.class.php 第 20 行.
SQL: SHOW COLUMNS FROM `goods_car` [ RunTime:0.001594s ]
SQL: UPDATE `goods_car` SET `count`=3 WHERE ( uid=4 and gid=9 ) [ RunTime:0.000566s ]
INFO: [ app_end ] --START--
INFO: Run Behavior\ShowPageTraceBehavior [ RunTime:0.000781s ]
INFO: [ app_end ] --END-- [ RunTime:0.000892s ]

[ 2014-12-05T23:08:41+08:00 ] 127.0.0.1 /index.php?m=User&c=Index&a=car_ajax
INFO: [ app_begin ] --START--
INFO: Run Behavior\ReadHtmlCacheBehavior [ RunTime:0.000504s ]
INFO: [ app_begin ] --END-- [ RunTime:0.000888s ]
SQL: SHOW COLUMNS FROM `goods_cate` [ RunTime:0.001714s ]
SQL: SELECT * FROM `goods_cate` WHERE ( pid=0 )  [ RunTime:0.000236s ]
NOTIC: [8] Use of undefined constant user - assumed 'user' /Users/tc/www/thinkphp/Application/Common/Controller/HomeController.class.php 第 20 行.
SQL: SHOW COLUMNS FROM `goods_car` [ RunTime:0.001453s ]
SQL: UPDATE `goods_car` SET `count`=4 WHERE ( uid=4 and gid=9 ) [ RunTime:0.000593s ]
INFO: [ app_end ] --START--
INFO: Run Behavior\ShowPageTraceBehavior [ RunTime:0.000649s ]
INFO: [ app_end ] --END-- [ RunTime:0.000739s ]

[ 2014-12-05T23:08:42+08:00 ] 127.0.0.1 /index.php?m=User&c=Index&a=car_ajax
INFO: [ app_begin ] --START--
INFO: Run Behavior\ReadHtmlCacheBehavior [ RunTime:0.000520s ]
INFO: [ app_begin ] --END-- [ RunTime:0.000894s ]
SQL: SHOW COLUMNS FROM `goods_cate` [ RunTime:0.001855s ]
SQL: SELECT * FROM `goods_cate` WHERE ( pid=0 )  [ RunTime:0.000193s ]
NOTIC: [8] Use of undefined constant user - assumed 'user' /Users/tc/www/thinkphp/Application/Common/Controller/HomeController.class.php 第 20 行.
SQL: SHOW COLUMNS FROM `goods_car` [ RunTime:0.001376s ]
SQL: UPDATE `goods_car` SET `count`=5 WHERE ( uid=4 and gid=9 ) [ RunTime:0.000549s ]
INFO: [ app_end ] --START--
INFO: Run Behavior\ShowPageTraceBehavior [ RunTime:0.000639s ]
INFO: [ app_end ] --END-- [ RunTime:0.000724s ]

[ 2014-12-05T23:08:54+08:00 ] 127.0.0.1 /index.php?m=User&c=Index&a=car_ajax
INFO: [ app_begin ] --START--
INFO: Run Behavior\ReadHtmlCacheBehavior [ RunTime:0.000688s ]
INFO: [ app_begin ] --END-- [ RunTime:0.001197s ]
SQL: SHOW COLUMNS FROM `goods_cate` [ RunTime:0.001647s ]
SQL: SELECT * FROM `goods_cate` WHERE ( pid=0 )  [ RunTime:0.000222s ]
NOTIC: [8] Use of undefined constant user - assumed 'user' /Users/tc/www/thinkphp/Application/Common/Controller/HomeController.class.php 第 20 行.
SQL: SHOW COLUMNS FROM `goods_car` [ RunTime:0.001616s ]
SQL: UPDATE `goods_car` SET `count`=6 WHERE ( uid=4 and gid=9 ) [ RunTime:0.001206s ]
INFO: [ app_end ] --START--
INFO: Run Behavior\ShowPageTraceBehavior [ RunTime:0.000642s ]
INFO: [ app_end ] --END-- [ RunTime:0.000738s ]

[ 2014-12-05T23:08:57+08:00 ] 127.0.0.1 /index.php?m=User&c=Index&a=car_ajax
INFO: [ app_begin ] --START--
INFO: Run Behavior\ReadHtmlCacheBehavior [ RunTime:0.000509s ]
INFO: [ app_begin ] --END-- [ RunTime:0.001023s ]
SQL: SHOW COLUMNS FROM `goods_cate` [ RunTime:0.001659s ]
SQL: SELECT * FROM `goods_cate` WHERE ( pid=0 )  [ RunTime:0.000207s ]
NOTIC: [8] Use of undefined constant user - assumed 'user' /Users/tc/www/thinkphp/Application/Common/Controller/HomeController.class.php 第 20 行.
SQL: SHOW COLUMNS FROM `goods_car` [ RunTime:0.001439s ]
SQL: UPDATE `goods_car` SET `count`=2 WHERE ( uid=4 and gid=10 ) [ RunTime:0.000617s ]
INFO: [ app_end ] --START--
INFO: Run Behavior\ShowPageTraceBehavior [ RunTime:0.000629s ]
INFO: [ app_end ] --END-- [ RunTime:0.000715s ]

[ 2014-12-05T23:08:57+08:00 ] 127.0.0.1 /index.php?m=User&c=Index&a=car_ajax
INFO: [ app_begin ] --START--
INFO: Run Behavior\ReadHtmlCacheBehavior [ RunTime:0.000510s ]
INFO: [ app_begin ] --END-- [ RunTime:0.000903s ]
SQL: SHOW COLUMNS FROM `goods_cate` [ RunTime:0.001788s ]
SQL: SELECT * FROM `goods_cate` WHERE ( pid=0 )  [ RunTime:0.000200s ]
NOTIC: [8] Use of undefined constant user - assumed 'user' /Users/tc/www/thinkphp/Application/Common/Controller/HomeController.class.php 第 20 行.
SQL: SHOW COLUMNS FROM `goods_car` [ RunTime:0.001554s ]
SQL: UPDATE `goods_car` SET `count`=3 WHERE ( uid=4 and gid=10 ) [ RunTime:0.000459s ]
INFO: [ app_end ] --START--
INFO: Run Behavior\ShowPageTraceBehavior [ RunTime:0.000683s ]
INFO: [ app_end ] --END-- [ RunTime:0.000773s ]

[ 2014-12-05T23:12:48+08:00 ] 127.0.0.1 /index.php?m=User&c=Index&a=car_ajax
INFO: [ app_begin ] --START--
INFO: Run Behavior\ReadHtmlCacheBehavior [ RunTime:0.000553s ]
INFO: [ app_begin ] --END-- [ RunTime:0.000942s ]
SQL: SHOW COLUMNS FROM `goods_cate` [ RunTime:0.001714s ]
SQL: SELECT * FROM `goods_cate` WHERE ( pid=0 )  [ RunTime:0.000200s ]
NOTIC: [8] Use of undefined constant user - assumed 'user' /Users/tc/www/thinkphp/Application/Common/Controller/HomeController.class.php 第 20 行.
SQL: SHOW COLUMNS FROM `goods_car` [ RunTime:0.001421s ]
SQL: UPDATE `goods_car` SET `count`=5 WHERE ( uid=4 and gid= ) [ RunTime:0.000087s ]
ERR: 1064:You have an error in your SQL syntax; check the manual that corresponds to your MySQL server version for the right syntax to use near ')' at line 1
 [ SQL语句 ] : UPDATE `goods_car` SET `count`=5 WHERE ( uid=4 and gid= )
INFO: [ app_end ] --START--
INFO: Run Behavior\ShowPageTraceBehavior [ RunTime:0.000634s ]
INFO: [ app_end ] --END-- [ RunTime:0.000718s ]

[ 2014-12-05T23:12:49+08:00 ] 127.0.0.1 /index.php?m=User&c=Index&a=car_ajax
INFO: [ app_begin ] --START--
INFO: Run Behavior\ReadHtmlCacheBehavior [ RunTime:0.000506s ]
INFO: [ app_begin ] --END-- [ RunTime:0.000876s ]
SQL: SHOW COLUMNS FROM `goods_cate` [ RunTime:0.001656s ]
SQL: SELECT * FROM `goods_cate` WHERE ( pid=0 )  [ RunTime:0.000183s ]
NOTIC: [8] Use of undefined constant user - assumed 'user' /Users/tc/www/thinkphp/Application/Common/Controller/HomeController.class.php 第 20 行.
SQL: SHOW COLUMNS FROM `goods_car` [ RunTime:0.001398s ]
SQL: UPDATE `goods_car` SET `count`=4 WHERE ( uid=4 and gid= ) [ RunTime:0.000093s ]
ERR: 1064:You have an error in your SQL syntax; check the manual that corresponds to your MySQL server version for the right syntax to use near ')' at line 1
 [ SQL语句 ] : UPDATE `goods_car` SET `count`=4 WHERE ( uid=4 and gid= )
INFO: [ app_end ] --START--
INFO: Run Behavior\ShowPageTraceBehavior [ RunTime:0.000638s ]
INFO: [ app_end ] --END-- [ RunTime:0.000724s ]

[ 2014-12-05T23:13:31+08:00 ] 127.0.0.1 /index.php?m=User&c=Index&a=car_ajax
INFO: [ app_begin ] --START--
INFO: Run Behavior\ReadHtmlCacheBehavior [ RunTime:0.000723s ]
INFO: [ app_begin ] --END-- [ RunTime:0.001242s ]
SQL: SHOW COLUMNS FROM `goods_cate` [ RunTime:0.001718s ]
SQL: SELECT * FROM `goods_cate` WHERE ( pid=0 )  [ RunTime:0.000210s ]
NOTIC: [8] Use of undefined constant user - assumed 'user' /Users/tc/www/thinkphp/Application/Common/Controller/HomeController.class.php 第 20 行.
SQL: SHOW COLUMNS FROM `goods_car` [ RunTime:0.001374s ]
SQL: UPDATE `goods_car` SET `count`=5 WHERE ( uid=4 and gid= ) [ RunTime:0.000093s ]
ERR: 1064:You have an error in your SQL syntax; check the manual that corresponds to your MySQL server version for the right syntax to use near ')' at line 1
 [ SQL语句 ] : UPDATE `goods_car` SET `count`=5 WHERE ( uid=4 and gid= )
INFO: [ app_end ] --START--
INFO: Run Behavior\ShowPageTraceBehavior [ RunTime:0.000853s ]
INFO: [ app_end ] --END-- [ RunTime:0.000963s ]

[ 2014-12-05T23:14:09+08:00 ] 127.0.0.1 /index.php?m=User&c=Index&a=car_ajax
INFO: [ app_begin ] --START--
INFO: Run Behavior\ReadHtmlCacheBehavior [ RunTime:0.000872s ]
INFO: [ app_begin ] --END-- [ RunTime:0.001550s ]
SQL: SHOW COLUMNS FROM `goods_cate` [ RunTime:0.001853s ]
SQL: SELECT * FROM `goods_cate` WHERE ( pid=0 )  [ RunTime:0.000494s ]
NOTIC: [8] Use of undefined constant user - assumed 'user' /Users/tc/www/thinkphp/Application/Common/Controller/HomeController.class.php 第 20 行.
SQL: SHOW COLUMNS FROM `goods_car` [ RunTime:0.001999s ]
SQL: UPDATE `goods_car` SET `count`=5 WHERE ( uid=4 and gid=9 ) [ RunTime:0.000821s ]
INFO: [ app_end ] --START--
INFO: Run Behavior\ShowPageTraceBehavior [ RunTime:0.000685s ]
INFO: [ app_end ] --END-- [ RunTime:0.000774s ]

[ 2014-12-05T23:14:26+08:00 ] 127.0.0.1 /index.php?m=User&c=Index&a=car_ajax
INFO: [ app_begin ] --START--
INFO: Run Behavior\ReadHtmlCacheBehavior [ RunTime:0.000592s ]
INFO: [ app_begin ] --END-- [ RunTime:0.001016s ]
SQL: SHOW COLUMNS FROM `goods_cate` [ RunTime:0.001697s ]
SQL: SELECT * FROM `goods_cate` WHERE ( pid=0 )  [ RunTime:0.000192s ]
NOTIC: [8] Use of undefined constant user - assumed 'user' /Users/tc/www/thinkphp/Application/Common/Controller/HomeController.class.php 第 20 行.
SQL: SHOW COLUMNS FROM `goods_car` [ RunTime:0.001552s ]
SQL: UPDATE `goods_car` SET `count`=4 WHERE ( uid=4 and gid=9 ) [ RunTime:0.000659s ]
INFO: [ app_end ] --START--
INFO: Run Behavior\ShowPageTraceBehavior [ RunTime:0.000704s ]
INFO: [ app_end ] --END-- [ RunTime:0.000798s ]

[ 2014-12-05T23:14:26+08:00 ] 127.0.0.1 /index.php?m=User&c=Index&a=car_ajax
INFO: [ app_begin ] --START--
INFO: Run Behavior\ReadHtmlCacheBehavior [ RunTime:0.000607s ]
INFO: [ app_begin ] --END-- [ RunTime:0.000989s ]
SQL: SHOW COLUMNS FROM `goods_cate` [ RunTime:0.001335s ]
SQL: SELECT * FROM `goods_cate` WHERE ( pid=0 )  [ RunTime:0.000202s ]
NOTIC: [8] Use of undefined constant user - assumed 'user' /Users/tc/www/thinkphp/Application/Common/Controller/HomeController.class.php 第 20 行.
SQL: SHOW COLUMNS FROM `goods_car` [ RunTime:0.001085s ]
SQL: UPDATE `goods_car` SET `count`=3 WHERE ( uid=4 and gid=9 ) [ RunTime:0.000416s ]
INFO: [ app_end ] --START--
INFO: Run Behavior\ShowPageTraceBehavior [ RunTime:0.000642s ]
INFO: [ app_end ] --END-- [ RunTime:0.000726s ]

[ 2014-12-05T23:14:29+08:00 ] 127.0.0.1 /index.php?m=User&c=Index&a=car_ajax
INFO: [ app_begin ] --START--
INFO: Run Behavior\ReadHtmlCacheBehavior [ RunTime:0.000583s ]
INFO: [ app_begin ] --END-- [ RunTime:0.000973s ]
SQL: SHOW COLUMNS FROM `goods_cate` [ RunTime:0.001783s ]
SQL: SELECT * FROM `goods_cate` WHERE ( pid=0 )  [ RunTime:0.000275s ]
NOTIC: [8] Use of undefined constant user - assumed 'user' /Users/tc/www/thinkphp/Application/Common/Controller/HomeController.class.php 第 20 行.
SQL: SHOW COLUMNS FROM `goods_car` [ RunTime:0.001606s ]
SQL: UPDATE `goods_car` SET `count`=2 WHERE ( uid=4 and gid=10 ) [ RunTime:0.000693s ]
INFO: [ app_end ] --START--
INFO: Run Behavior\ShowPageTraceBehavior [ RunTime:0.000754s ]
INFO: [ app_end ] --END-- [ RunTime:0.000847s ]

[ 2014-12-05T23:14:29+08:00 ] 127.0.0.1 /index.php?m=User&c=Index&a=car_ajax
INFO: [ app_begin ] --START--
INFO: Run Behavior\ReadHtmlCacheBehavior [ RunTime:0.000564s ]
INFO: [ app_begin ] --END-- [ RunTime:0.001008s ]
SQL: SHOW COLUMNS FROM `goods_cate` [ RunTime:0.001316s ]
SQL: SELECT * FROM `goods_cate` WHERE ( pid=0 )  [ RunTime:0.000190s ]
NOTIC: [8] Use of undefined constant user - assumed 'user' /Users/tc/www/thinkphp/Application/Common/Controller/HomeController.class.php 第 20 行.
SQL: SHOW COLUMNS FROM `goods_car` [ RunTime:0.001090s ]
SQL: UPDATE `goods_car` SET `count`=1 WHERE ( uid=4 and gid=10 ) [ RunTime:0.000461s ]
INFO: [ app_end ] --START--
INFO: Run Behavior\ShowPageTraceBehavior [ RunTime:0.000755s ]
INFO: [ app_end ] --END-- [ RunTime:0.000942s ]

[ 2014-12-05T23:15:23+08:00 ] 127.0.0.1 /index.php?m=User&c=Index&a=car_ajax
INFO: [ app_begin ] --START--
INFO: Run Behavior\ReadHtmlCacheBehavior [ RunTime:0.000757s ]
INFO: [ app_begin ] --END-- [ RunTime:0.001358s ]
SQL: SHOW COLUMNS FROM `goods_cate` [ RunTime:0.001712s ]
SQL: SELECT * FROM `goods_cate` WHERE ( pid=0 )  [ RunTime:0.000217s ]
NOTIC: [8] Use of undefined constant user - assumed 'user' /Users/tc/www/thinkphp/Application/Common/Controller/HomeController.class.php 第 20 行.
SQL: SHOW COLUMNS FROM `goods_car` [ RunTime:0.001797s ]
SQL: UPDATE `goods_car` SET `count`=4 WHERE ( uid=4 and gid=9 ) [ RunTime:0.000643s ]
INFO: [ app_end ] --START--
INFO: Run Behavior\ShowPageTraceBehavior [ RunTime:0.000753s ]
INFO: [ app_end ] --END-- [ RunTime:0.000855s ]

[ 2014-12-05T23:15:24+08:00 ] 127.0.0.1 /index.php?m=User&c=Index&a=car_ajax
INFO: [ app_begin ] --START--
INFO: Run Behavior\ReadHtmlCacheBehavior [ RunTime:0.000501s ]
INFO: [ app_begin ] --END-- [ RunTime:0.000873s ]
SQL: SHOW COLUMNS FROM `goods_cate` [ RunTime:0.001828s ]
SQL: SELECT * FROM `goods_cate` WHERE ( pid=0 )  [ RunTime:0.000350s ]
NOTIC: [8] Use of undefined constant user - assumed 'user' /Users/tc/www/thinkphp/Application/Common/Controller/HomeController.class.php 第 20 行.
SQL: SHOW COLUMNS FROM `goods_car` [ RunTime:0.001656s ]
SQL: UPDATE `goods_car` SET `count`=5 WHERE ( uid=4 and gid=9 ) [ RunTime:0.000587s ]
INFO: [ app_end ] --START--
INFO: Run Behavior\ShowPageTraceBehavior [ RunTime:0.000661s ]
INFO: [ app_end ] --END-- [ RunTime:0.000746s ]

[ 2014-12-05T23:15:26+08:00 ] 127.0.0.1 /index.php?m=User&c=Index&a=car_ajax
INFO: [ app_begin ] --START--
INFO: Run Behavior\ReadHtmlCacheBehavior [ RunTime:0.000505s ]
INFO: [ app_begin ] --END-- [ RunTime:0.000882s ]
SQL: SHOW COLUMNS FROM `goods_cate` [ RunTime:0.001913s ]
SQL: SELECT * FROM `goods_cate` WHERE ( pid=0 )  [ RunTime:0.000352s ]
NOTIC: [8] Use of undefined constant user - assumed 'user' /Users/tc/www/thinkphp/Application/Common/Controller/HomeController.class.php 第 20 行.
SQL: SHOW COLUMNS FROM `goods_car` [ RunTime:0.001536s ]
SQL: UPDATE `goods_car` SET `count`=2 WHERE ( uid=4 and gid=10 ) [ RunTime:0.000580s ]
INFO: [ app_end ] --START--
INFO: Run Behavior\ShowPageTraceBehavior [ RunTime:0.000652s ]
INFO: [ app_end ] --END-- [ RunTime:0.000741s ]

[ 2014-12-05T23:15:26+08:00 ] 127.0.0.1 /index.php?m=User&c=Index&a=car_ajax
INFO: [ app_begin ] --START--
INFO: Run Behavior\ReadHtmlCacheBehavior [ RunTime:0.000507s ]
INFO: [ app_begin ] --END-- [ RunTime:0.000888s ]
SQL: SHOW COLUMNS FROM `goods_cate` [ RunTime:0.001443s ]
SQL: SELECT * FROM `goods_cate` WHERE ( pid=0 )  [ RunTime:0.000273s ]
NOTIC: [8] Use of undefined constant user - assumed 'user' /Users/tc/www/thinkphp/Application/Common/Controller/HomeController.class.php 第 20 行.
SQL: SHOW COLUMNS FROM `goods_car` [ RunTime:0.001495s ]
SQL: UPDATE `goods_car` SET `count`=3 WHERE ( uid=4 and gid=10 ) [ RunTime:0.000605s ]
INFO: [ app_end ] --START--
INFO: Run Behavior\ShowPageTraceBehavior [ RunTime:0.000669s ]
INFO: [ app_end ] --END-- [ RunTime:0.000758s ]

[ 2014-12-05T23:15:43+08:00 ] 127.0.0.1 /index.php?m=User&c=Index&a=car_ajax
INFO: [ app_begin ] --START--
INFO: Run Behavior\ReadHtmlCacheBehavior [ RunTime:0.000607s ]
INFO: [ app_begin ] --END-- [ RunTime:0.001111s ]
SQL: SHOW COLUMNS FROM `goods_cate` [ RunTime:0.047411s ]
SQL: SELECT * FROM `goods_cate` WHERE ( pid=0 )  [ RunTime:0.000328s ]
NOTIC: [8] Use of undefined constant user - assumed 'user' /Users/tc/www/thinkphp/Application/Common/Controller/HomeController.class.php 第 20 行.
SQL: SHOW COLUMNS FROM `goods_car` [ RunTime:0.001394s ]
SQL: UPDATE `goods_car` SET `count`=4 WHERE ( uid=4 and gid=10 ) [ RunTime:0.000554s ]
INFO: [ app_end ] --START--
INFO: Run Behavior\ShowPageTraceBehavior [ RunTime:0.000940s ]
INFO: [ app_end ] --END-- [ RunTime:0.001056s ]

[ 2014-12-05T23:15:45+08:00 ] 127.0.0.1 /index.php?m=User&c=Index&a=car_ajax
INFO: [ app_begin ] --START--
INFO: Run Behavior\ReadHtmlCacheBehavior [ RunTime:0.000542s ]
INFO: [ app_begin ] --END-- [ RunTime:0.001026s ]
SQL: SHOW COLUMNS FROM `goods_cate` [ RunTime:0.001768s ]
SQL: SELECT * FROM `goods_cate` WHERE ( pid=0 )  [ RunTime:0.000192s ]
NOTIC: [8] Use of undefined constant user - assumed 'user' /Users/tc/www/thinkphp/Application/Common/Controller/HomeController.class.php 第 20 行.
SQL: SHOW COLUMNS FROM `goods_car` [ RunTime:0.001375s ]
SQL: UPDATE `goods_car` SET `count`=5 WHERE ( uid=4 and gid=10 ) [ RunTime:0.000560s ]
INFO: [ app_end ] --START--
INFO: Run Behavior\ShowPageTraceBehavior [ RunTime:0.000647s ]
INFO: [ app_end ] --END-- [ RunTime:0.000734s ]

[ 2014-12-05T23:18:08+08:00 ] 127.0.0.1 /index.php?m=User&c=Index&a=car_ajax
INFO: [ app_begin ] --START--
INFO: Run Behavior\ReadHtmlCacheBehavior [ RunTime:0.000559s ]
INFO: [ app_begin ] --END-- [ RunTime:0.000957s ]
SQL: SHOW COLUMNS FROM `goods_cate` [ RunTime:0.001825s ]
SQL: SELECT * FROM `goods_cate` WHERE ( pid=0 )  [ RunTime:0.000312s ]
NOTIC: [8] Use of undefined constant user - assumed 'user' /Users/tc/www/thinkphp/Application/Common/Controller/HomeController.class.php 第 20 行.
SQL: SHOW COLUMNS FROM `goods_car` [ RunTime:0.001567s ]
SQL: UPDATE `goods_car` SET `count`=6 WHERE ( uid=4 and gid=9 ) [ RunTime:0.000560s ]
NOTIC: [8] Undefined variable: car /Users/tc/www/thinkphp/Application/User/Controller/IndexController.class.php 第 59 行.

[ 2014-12-05T23:19:38+08:00 ] 127.0.0.1 /index.php?m=User&c=Index&a=car_ajax
INFO: [ app_begin ] --START--
INFO: Run Behavior\ReadHtmlCacheBehavior [ RunTime:0.000581s ]
INFO: [ app_begin ] --END-- [ RunTime:0.001029s ]
SQL: SHOW COLUMNS FROM `goods_cate` [ RunTime:0.001771s ]
SQL: SELECT * FROM `goods_cate` WHERE ( pid=0 )  [ RunTime:0.000192s ]
NOTIC: [8] Use of undefined constant user - assumed 'user' /Users/tc/www/thinkphp/Application/Common/Controller/HomeController.class.php 第 20 行.
SQL: SHOW COLUMNS FROM `goods_car` [ RunTime:0.001392s ]
SQL: UPDATE `goods_car` SET `count`=7 WHERE ( uid=4 and gid=9 ) [ RunTime:0.000539s ]
SQL: SELECT SUM(count) AS tp_sum FROM `goods_car` WHERE ( uid=4 ) LIMIT 1   [ RunTime:0.000187s ]
INFO: [ app_end ] --START--
INFO: Run Behavior\ShowPageTraceBehavior [ RunTime:0.000752s ]
INFO: [ app_end ] --END-- [ RunTime:0.000842s ]

[ 2014-12-05T23:19:39+08:00 ] 127.0.0.1 /index.php?m=User&c=Index&a=car_ajax
INFO: [ app_begin ] --START--
INFO: Run Behavior\ReadHtmlCacheBehavior [ RunTime:0.000586s ]
INFO: [ app_begin ] --END-- [ RunTime:0.000981s ]
SQL: SHOW COLUMNS FROM `goods_cate` [ RunTime:0.001298s ]
SQL: SELECT * FROM `goods_cate` WHERE ( pid=0 )  [ RunTime:0.000195s ]
NOTIC: [8] Use of undefined constant user - assumed 'user' /Users/tc/www/thinkphp/Application/Common/Controller/HomeController.class.php 第 20 行.
SQL: SHOW COLUMNS FROM `goods_car` [ RunTime:0.001184s ]
SQL: UPDATE `goods_car` SET `count`=8 WHERE ( uid=4 and gid=9 ) [ RunTime:0.000442s ]
SQL: SELECT SUM(count) AS tp_sum FROM `goods_car` WHERE ( uid=4 ) LIMIT 1   [ RunTime:0.000139s ]
INFO: [ app_end ] --START--
INFO: Run Behavior\ShowPageTraceBehavior [ RunTime:0.000723s ]
INFO: [ app_end ] --END-- [ RunTime:0.000807s ]

[ 2014-12-05T23:21:24+08:00 ] 127.0.0.1 /index.php?m=User&c=Index&a=car_ajax
INFO: [ app_begin ] --START--
INFO: Run Behavior\ReadHtmlCacheBehavior [ RunTime:0.000587s ]
INFO: [ app_begin ] --END-- [ RunTime:0.000982s ]
SQL: SHOW COLUMNS FROM `goods_cate` [ RunTime:0.001678s ]
SQL: SELECT * FROM `goods_cate` WHERE ( pid=0 )  [ RunTime:0.000192s ]
NOTIC: [8] Use of undefined constant user - assumed 'user' /Users/tc/www/thinkphp/Application/Common/Controller/HomeController.class.php 第 20 行.
SQL: SHOW COLUMNS FROM `goods_car` [ RunTime:0.001364s ]
SQL: UPDATE `goods_car` SET `count`=9 WHERE ( uid=4 and gid=9 ) [ RunTime:0.000538s ]
SQL: SELECT SUM(count) AS tp_sum FROM `goods_car` WHERE ( uid=4 ) LIMIT 1   [ RunTime:0.000134s ]
INFO: [ app_end ] --START--
INFO: Run Behavior\ShowPageTraceBehavior [ RunTime:0.000639s ]
INFO: [ app_end ] --END-- [ RunTime:0.000725s ]

[ 2014-12-05T23:23:00+08:00 ] 127.0.0.1 /index.php?m=User&c=Index&a=car_ajax
INFO: [ app_begin ] --START--
INFO: Run Behavior\ReadHtmlCacheBehavior [ RunTime:0.000577s ]
INFO: [ app_begin ] --END-- [ RunTime:0.001011s ]
SQL: SHOW COLUMNS FROM `goods_cate` [ RunTime:0.001253s ]
SQL: SELECT * FROM `goods_cate` WHERE ( pid=0 )  [ RunTime:0.000191s ]
NOTIC: [8] Use of undefined constant user - assumed 'user' /Users/tc/www/thinkphp/Application/Common/Controller/HomeController.class.php 第 20 行.
SQL: SHOW COLUMNS FROM `goods_car` [ RunTime:0.001095s ]
SQL: UPDATE `goods_car` SET `count`=8 WHERE ( uid=4 and gid=9 ) [ RunTime:0.000447s ]
SQL: SELECT SUM(count) AS tp_sum FROM `goods_car` WHERE ( uid=4 ) LIMIT 1   [ RunTime:0.000144s ]
INFO: [ app_end ] --START--
INFO: Run Behavior\ShowPageTraceBehavior [ RunTime:0.000795s ]
INFO: [ app_end ] --END-- [ RunTime:0.000881s ]

[ 2014-12-05T23:23:01+08:00 ] 127.0.0.1 /index.php?m=User&c=Index&a=car_ajax
INFO: [ app_begin ] --START--
INFO: Run Behavior\ReadHtmlCacheBehavior [ RunTime:0.000674s ]
INFO: [ app_begin ] --END-- [ RunTime:0.001080s ]
SQL: SHOW COLUMNS FROM `goods_cate` [ RunTime:0.001635s ]
SQL: SELECT * FROM `goods_cate` WHERE ( pid=0 )  [ RunTime:0.000194s ]
NOTIC: [8] Use of undefined constant user - assumed 'user' /Users/tc/www/thinkphp/Application/Common/Controller/HomeController.class.php 第 20 行.
SQL: SHOW COLUMNS FROM `goods_car` [ RunTime:0.001385s ]
SQL: UPDATE `goods_car` SET `count`=7 WHERE ( uid=4 and gid=9 ) [ RunTime:0.000583s ]
SQL: SELECT SUM(count) AS tp_sum FROM `goods_car` WHERE ( uid=4 ) LIMIT 1   [ RunTime:0.000152s ]
INFO: [ app_end ] --START--
INFO: Run Behavior\ShowPageTraceBehavior [ RunTime:0.000811s ]
INFO: [ app_end ] --END-- [ RunTime:0.000915s ]

[ 2014-12-05T23:23:18+08:00 ] 127.0.0.1 /index.php?m=User&c=Index&a=car_ajax
INFO: [ app_begin ] --START--
INFO: Run Behavior\ReadHtmlCacheBehavior [ RunTime:0.000556s ]
INFO: [ app_begin ] --END-- [ RunTime:0.000947s ]
SQL: SHOW COLUMNS FROM `goods_cate` [ RunTime:0.001905s ]
SQL: SELECT * FROM `goods_cate` WHERE ( pid=0 )  [ RunTime:0.000214s ]
NOTIC: [8] Use of undefined constant user - assumed 'user' /Users/tc/www/thinkphp/Application/Common/Controller/HomeController.class.php 第 20 行.
SQL: SHOW COLUMNS FROM `goods_car` [ RunTime:0.001424s ]
SQL: UPDATE `goods_car` SET `count`=8 WHERE ( uid=4 and gid=9 ) [ RunTime:0.000532s ]
SQL: SELECT SUM(count) AS tp_sum FROM `goods_car` WHERE ( uid=4 ) LIMIT 1   [ RunTime:0.000169s ]
INFO: [ app_end ] --START--
INFO: Run Behavior\ShowPageTraceBehavior [ RunTime:0.000667s ]
INFO: [ app_end ] --END-- [ RunTime:0.000758s ]

[ 2014-12-05T23:23:19+08:00 ] 127.0.0.1 /index.php?m=User&c=Index&a=car_ajax
INFO: [ app_begin ] --START--
INFO: Run Behavior\ReadHtmlCacheBehavior [ RunTime:0.000501s ]
INFO: [ app_begin ] --END-- [ RunTime:0.000881s ]
SQL: SHOW COLUMNS FROM `goods_cate` [ RunTime:0.001705s ]
SQL: SELECT * FROM `goods_cate` WHERE ( pid=0 )  [ RunTime:0.000203s ]
NOTIC: [8] Use of undefined constant user - assumed 'user' /Users/tc/www/thinkphp/Application/Common/Controller/HomeController.class.php 第 20 行.
SQL: SHOW COLUMNS FROM `goods_car` [ RunTime:0.001458s ]
SQL: UPDATE `goods_car` SET `count`=9 WHERE ( uid=4 and gid=9 ) [ RunTime:0.000554s ]
SQL: SELECT SUM(count) AS tp_sum FROM `goods_car` WHERE ( uid=4 ) LIMIT 1   [ RunTime:0.000138s ]
INFO: [ app_end ] --START--
INFO: Run Behavior\ShowPageTraceBehavior [ RunTime:0.000654s ]
INFO: [ app_end ] --END-- [ RunTime:0.000737s ]

[ 2014-12-05T23:28:35+08:00 ] 127.0.0.1 /index.php?m=User&c=Index&a=car_ajax
INFO: [ app_begin ] --START--
INFO: Run Behavior\ReadHtmlCacheBehavior [ RunTime:0.000557s ]
INFO: [ app_begin ] --END-- [ RunTime:0.000997s ]
SQL: SHOW COLUMNS FROM `goods_cate` [ RunTime:0.001724s ]
SQL: SELECT * FROM `goods_cate` WHERE ( pid=0 )  [ RunTime:0.000197s ]
NOTIC: [8] Use of undefined constant user - assumed 'user' /Users/tc/www/thinkphp/Application/Common/Controller/HomeController.class.php 第 20 行.
SQL: SHOW COLUMNS FROM `goods_car` [ RunTime:0.001570s ]
SQL: SHOW COLUMNS FROM `goods` [ RunTime:0.001956s ]
SQL: UPDATE goods_car goods_car  JOIN goods goods ON goods_car.gid=goods.id SET `count`='10' WHERE ( uid=4 and gid=9 ) [ RunTime:0.000186s ]
ERR: 1052:Column 'gid' in where clause is ambiguous
 [ SQL语句 ] : UPDATE goods_car goods_car  JOIN goods goods ON goods_car.gid=goods.id SET `count`='10' WHERE ( uid=4 and gid=9 )
SQL: SELECT SUM(count) AS tp_sum FROM goods_car goods_car  JOIN goods goods ON goods_car.gid=goods.id WHERE ( uid=4 ) LIMIT 1   [ RunTime:0.000204s ]
INFO: [ app_end ] --START--
INFO: Run Behavior\ShowPageTraceBehavior [ RunTime:0.000641s ]
INFO: [ app_end ] --END-- [ RunTime:0.000724s ]

[ 2014-12-05T23:28:35+08:00 ] 127.0.0.1 /index.php?m=User&c=Index&a=car_ajax
INFO: [ app_begin ] --START--
INFO: Run Behavior\ReadHtmlCacheBehavior [ RunTime:0.000568s ]
INFO: [ app_begin ] --END-- [ RunTime:0.001019s ]
SQL: SHOW COLUMNS FROM `goods_cate` [ RunTime:0.001656s ]
SQL: SELECT * FROM `goods_cate` WHERE ( pid=0 )  [ RunTime:0.000187s ]
NOTIC: [8] Use of undefined constant user - assumed 'user' /Users/tc/www/thinkphp/Application/Common/Controller/HomeController.class.php 第 20 行.
SQL: SHOW COLUMNS FROM `goods_car` [ RunTime:0.001640s ]
SQL: SHOW COLUMNS FROM `goods` [ RunTime:0.002086s ]
SQL: UPDATE goods_car goods_car  JOIN goods goods ON goods_car.gid=goods.id SET `count`='11' WHERE ( uid=4 and gid=9 ) [ RunTime:0.000375s ]
ERR: 1052:Column 'gid' in where clause is ambiguous
 [ SQL语句 ] : UPDATE goods_car goods_car  JOIN goods goods ON goods_car.gid=goods.id SET `count`='11' WHERE ( uid=4 and gid=9 )
SQL: SELECT SUM(count) AS tp_sum FROM goods_car goods_car  JOIN goods goods ON goods_car.gid=goods.id WHERE ( uid=4 ) LIMIT 1   [ RunTime:0.000253s ]
INFO: [ app_end ] --START--
INFO: Run Behavior\ShowPageTraceBehavior [ RunTime:0.000692s ]
INFO: [ app_end ] --END-- [ RunTime:0.000808s ]

[ 2014-12-05T23:28:40+08:00 ] 127.0.0.1 /index.php?m=User&c=Index&a=car_ajax
INFO: [ app_begin ] --START--
INFO: Run Behavior\ReadHtmlCacheBehavior [ RunTime:0.000534s ]
INFO: [ app_begin ] --END-- [ RunTime:0.000920s ]
SQL: SHOW COLUMNS FROM `goods_cate` [ RunTime:0.001717s ]
SQL: SELECT * FROM `goods_cate` WHERE ( pid=0 )  [ RunTime:0.000223s ]
NOTIC: [8] Use of undefined constant user - assumed 'user' /Users/tc/www/thinkphp/Application/Common/Controller/HomeController.class.php 第 20 行.
SQL: SHOW COLUMNS FROM `goods_car` [ RunTime:0.001477s ]
SQL: SHOW COLUMNS FROM `goods` [ RunTime:0.001878s ]
SQL: UPDATE goods_car goods_car  JOIN goods goods ON goods_car.gid=goods.id SET `count`='12' WHERE ( uid=4 and gid=9 ) [ RunTime:0.000181s ]
ERR: 1052:Column 'gid' in where clause is ambiguous
 [ SQL语句 ] : UPDATE goods_car goods_car  JOIN goods goods ON goods_car.gid=goods.id SET `count`='12' WHERE ( uid=4 and gid=9 )
SQL: SELECT SUM(count) AS tp_sum FROM goods_car goods_car  JOIN goods goods ON goods_car.gid=goods.id WHERE ( uid=4 ) LIMIT 1   [ RunTime:0.000195s ]
INFO: [ app_end ] --START--
INFO: Run Behavior\ShowPageTraceBehavior [ RunTime:0.000639s ]
INFO: [ app_end ] --END-- [ RunTime:0.000724s ]

[ 2014-12-05T23:28:41+08:00 ] 127.0.0.1 /index.php?m=User&c=Index&a=car_ajax
INFO: [ app_begin ] --START--
INFO: Run Behavior\ReadHtmlCacheBehavior [ RunTime:0.000502s ]
INFO: [ app_begin ] --END-- [ RunTime:0.000916s ]
SQL: SHOW COLUMNS FROM `goods_cate` [ RunTime:0.001778s ]
SQL: SELECT * FROM `goods_cate` WHERE ( pid=0 )  [ RunTime:0.000214s ]
NOTIC: [8] Use of undefined constant user - assumed 'user' /Users/tc/www/thinkphp/Application/Common/Controller/HomeController.class.php 第 20 行.
SQL: SHOW COLUMNS FROM `goods_car` [ RunTime:0.001501s ]
SQL: SHOW COLUMNS FROM `goods` [ RunTime:0.001950s ]
SQL: UPDATE goods_car goods_car  JOIN goods goods ON goods_car.gid=goods.id SET `count`='13' WHERE ( uid=4 and gid=9 ) [ RunTime:0.000297s ]
ERR: 1052:Column 'gid' in where clause is ambiguous
 [ SQL语句 ] : UPDATE goods_car goods_car  JOIN goods goods ON goods_car.gid=goods.id SET `count`='13' WHERE ( uid=4 and gid=9 )
SQL: SELECT SUM(count) AS tp_sum FROM goods_car goods_car  JOIN goods goods ON goods_car.gid=goods.id WHERE ( uid=4 ) LIMIT 1   [ RunTime:0.000400s ]
INFO: [ app_end ] --START--
INFO: Run Behavior\ShowPageTraceBehavior [ RunTime:0.000906s ]
INFO: [ app_end ] --END-- [ RunTime:0.001061s ]

[ 2014-12-05T23:28:41+08:00 ] 127.0.0.1 /index.php?m=User&c=Index&a=car_ajax
INFO: [ app_begin ] --START--
INFO: Run Behavior\ReadHtmlCacheBehavior [ RunTime:0.000532s ]
INFO: [ app_begin ] --END-- [ RunTime:0.000913s ]
SQL: SHOW COLUMNS FROM `goods_cate` [ RunTime:0.001757s ]
SQL: SELECT * FROM `goods_cate` WHERE ( pid=0 )  [ RunTime:0.000187s ]
NOTIC: [8] Use of undefined constant user - assumed 'user' /Users/tc/www/thinkphp/Application/Common/Controller/HomeController.class.php 第 20 行.
SQL: SHOW COLUMNS FROM `goods_car` [ RunTime:0.001478s ]
SQL: SHOW COLUMNS FROM `goods` [ RunTime:0.001947s ]
SQL: UPDATE goods_car goods_car  JOIN goods goods ON goods_car.gid=goods.id SET `count`='14' WHERE ( uid=4 and gid=9 ) [ RunTime:0.000187s ]
ERR: 1052:Column 'gid' in where clause is ambiguous
 [ SQL语句 ] : UPDATE goods_car goods_car  JOIN goods goods ON goods_car.gid=goods.id SET `count`='14' WHERE ( uid=4 and gid=9 )
SQL: SELECT SUM(count) AS tp_sum FROM goods_car goods_car  JOIN goods goods ON goods_car.gid=goods.id WHERE ( uid=4 ) LIMIT 1   [ RunTime:0.000198s ]
INFO: [ app_end ] --START--
INFO: Run Behavior\ShowPageTraceBehavior [ RunTime:0.000643s ]
INFO: [ app_end ] --END-- [ RunTime:0.000728s ]

[ 2014-12-05T23:28:46+08:00 ] 127.0.0.1 /index.php?m=User&c=Index&a=car_ajax
INFO: [ app_begin ] --START--
INFO: Run Behavior\ReadHtmlCacheBehavior [ RunTime:0.000526s ]
INFO: [ app_begin ] --END-- [ RunTime:0.000944s ]
SQL: SHOW COLUMNS FROM `goods_cate` [ RunTime:0.001707s ]
SQL: SELECT * FROM `goods_cate` WHERE ( pid=0 )  [ RunTime:0.000190s ]
NOTIC: [8] Use of undefined constant user - assumed 'user' /Users/tc/www/thinkphp/Application/Common/Controller/HomeController.class.php 第 20 行.
SQL: SHOW COLUMNS FROM `goods_car` [ RunTime:0.001495s ]
SQL: SHOW COLUMNS FROM `goods` [ RunTime:0.001996s ]
SQL: UPDATE goods_car goods_car  JOIN goods goods ON goods_car.gid=goods.id SET `count`='11' WHERE ( uid=4 and gid=9 ) [ RunTime:0.000186s ]
ERR: 1052:Column 'gid' in where clause is ambiguous
 [ SQL语句 ] : UPDATE goods_car goods_car  JOIN goods goods ON goods_car.gid=goods.id SET `count`='11' WHERE ( uid=4 and gid=9 )
SQL: SELECT SUM(count) AS tp_sum FROM goods_car goods_car  JOIN goods goods ON goods_car.gid=goods.id WHERE ( uid=4 ) LIMIT 1   [ RunTime:0.000212s ]
INFO: [ app_end ] --START--
INFO: Run Behavior\ShowPageTraceBehavior [ RunTime:0.000700s ]
INFO: [ app_end ] --END-- [ RunTime:0.000894s ]

[ 2014-12-05T23:28:46+08:00 ] 127.0.0.1 /index.php?m=User&c=Index&a=car_ajax
INFO: [ app_begin ] --START--
INFO: Run Behavior\ReadHtmlCacheBehavior [ RunTime:0.000596s ]
INFO: [ app_begin ] --END-- [ RunTime:0.001045s ]
SQL: SHOW COLUMNS FROM `goods_cate` [ RunTime:0.001910s ]
SQL: SELECT * FROM `goods_cate` WHERE ( pid=0 )  [ RunTime:0.000398s ]
NOTIC: [8] Use of undefined constant user - assumed 'user' /Users/tc/www/thinkphp/Application/Common/Controller/HomeController.class.php 第 20 行.
SQL: SHOW COLUMNS FROM `goods_car` [ RunTime:0.001744s ]
SQL: SHOW COLUMNS FROM `goods` [ RunTime:0.002124s ]
SQL: UPDATE goods_car goods_car  JOIN goods goods ON goods_car.gid=goods.id SET `count`='10' WHERE ( uid=4 and gid=9 ) [ RunTime:0.000242s ]
ERR: 1052:Column 'gid' in where clause is ambiguous
 [ SQL语句 ] : UPDATE goods_car goods_car  JOIN goods goods ON goods_car.gid=goods.id SET `count`='10' WHERE ( uid=4 and gid=9 )
SQL: SELECT SUM(count) AS tp_sum FROM goods_car goods_car  JOIN goods goods ON goods_car.gid=goods.id WHERE ( uid=4 ) LIMIT 1   [ RunTime:0.000297s ]
INFO: [ app_end ] --START--
INFO: Run Behavior\ShowPageTraceBehavior [ RunTime:0.000968s ]
INFO: [ app_end ] --END-- [ RunTime:0.001072s ]

[ 2014-12-05T23:31:35+08:00 ] 127.0.0.1 /index.php?m=User&c=Index&a=car_ajax
INFO: [ app_begin ] --START--
INFO: Run Behavior\ReadHtmlCacheBehavior [ RunTime:0.000556s ]
INFO: [ app_begin ] --END-- [ RunTime:0.000958s ]
SQL: SHOW COLUMNS FROM `goods_cate` [ RunTime:0.001616s ]
SQL: SELECT * FROM `goods_cate` WHERE ( pid=0 )  [ RunTime:0.000239s ]
NOTIC: [8] Use of undefined constant user - assumed 'user' /Users/tc/www/thinkphp/Application/Common/Controller/HomeController.class.php 第 20 行.
SQL: SHOW COLUMNS FROM `goods_car` [ RunTime:0.001453s ]
SQL: UPDATE `goods_car` SET `count`=10 WHERE ( uid=4 and gid=9 ) [ RunTime:0.000551s ]
SQL: SELECT SUM(count) AS tp_sum FROM `goods_car` WHERE ( uid=4 ) LIMIT 1   [ RunTime:0.000136s ]
INFO: [ app_end ] --START--
INFO: Run Behavior\ShowPageTraceBehavior [ RunTime:0.000670s ]
INFO: [ app_end ] --END-- [ RunTime:0.000754s ]

[ 2014-12-05T23:31:36+08:00 ] 127.0.0.1 /index.php?m=User&c=Index&a=car_ajax
INFO: [ app_begin ] --START--
INFO: Run Behavior\ReadHtmlCacheBehavior [ RunTime:0.000749s ]
INFO: [ app_begin ] --END-- [ RunTime:0.001302s ]
SQL: SHOW COLUMNS FROM `goods_cate` [ RunTime:0.001604s ]
SQL: SELECT * FROM `goods_cate` WHERE ( pid=0 )  [ RunTime:0.000210s ]
NOTIC: [8] Use of undefined constant user - assumed 'user' /Users/tc/www/thinkphp/Application/Common/Controller/HomeController.class.php 第 20 行.
SQL: SHOW COLUMNS FROM `goods_car` [ RunTime:0.001461s ]
SQL: UPDATE `goods_car` SET `count`=11 WHERE ( uid=4 and gid=9 ) [ RunTime:0.000551s ]
SQL: SELECT SUM(count) AS tp_sum FROM `goods_car` WHERE ( uid=4 ) LIMIT 1   [ RunTime:0.000137s ]
INFO: [ app_end ] --START--
INFO: Run Behavior\ShowPageTraceBehavior [ RunTime:0.000683s ]
INFO: [ app_end ] --END-- [ RunTime:0.000770s ]

[ 2014-12-05T23:31:37+08:00 ] 127.0.0.1 /index.php?m=User&c=Index&a=car_ajax
INFO: [ app_begin ] --START--
INFO: Run Behavior\ReadHtmlCacheBehavior [ RunTime:0.000510s ]
INFO: [ app_begin ] --END-- [ RunTime:0.000975s ]
SQL: SHOW COLUMNS FROM `goods_cate` [ RunTime:0.001332s ]
SQL: SELECT * FROM `goods_cate` WHERE ( pid=0 )  [ RunTime:0.000263s ]
NOTIC: [8] Use of undefined constant user - assumed 'user' /Users/tc/www/thinkphp/Application/Common/Controller/HomeController.class.php 第 20 行.
SQL: SHOW COLUMNS FROM `goods_car` [ RunTime:0.001560s ]
SQL: UPDATE `goods_car` SET `count`=4 WHERE ( uid=4 and gid=10 ) [ RunTime:0.000494s ]
SQL: SELECT SUM(count) AS tp_sum FROM `goods_car` WHERE ( uid=4 ) LIMIT 1   [ RunTime:0.000186s ]
INFO: [ app_end ] --START--
INFO: Run Behavior\ShowPageTraceBehavior [ RunTime:0.000661s ]
INFO: [ app_end ] --END-- [ RunTime:0.000750s ]

[ 2014-12-05T23:31:38+08:00 ] 127.0.0.1 /index.php?m=User&c=Index&a=car_ajax
INFO: [ app_begin ] --START--
INFO: Run Behavior\ReadHtmlCacheBehavior [ RunTime:0.000505s ]
INFO: [ app_begin ] --END-- [ RunTime:0.000882s ]
SQL: SHOW COLUMNS FROM `goods_cate` [ RunTime:0.001709s ]
SQL: SELECT * FROM `goods_cate` WHERE ( pid=0 )  [ RunTime:0.000190s ]
NOTIC: [8] Use of undefined constant user - assumed 'user' /Users/tc/www/thinkphp/Application/Common/Controller/HomeController.class.php 第 20 行.
SQL: SHOW COLUMNS FROM `goods_car` [ RunTime:0.001396s ]
SQL: UPDATE `goods_car` SET `count`=3 WHERE ( uid=4 and gid=10 ) [ RunTime:0.000562s ]
SQL: SELECT SUM(count) AS tp_sum FROM `goods_car` WHERE ( uid=4 ) LIMIT 1   [ RunTime:0.000134s ]
INFO: [ app_end ] --START--
INFO: Run Behavior\ShowPageTraceBehavior [ RunTime:0.000661s ]
INFO: [ app_end ] --END-- [ RunTime:0.000782s ]

[ 2014-12-05T23:31:40+08:00 ] 127.0.0.1 /index.php?m=User&c=Index&a=car_ajax
INFO: [ app_begin ] --START--
INFO: Run Behavior\ReadHtmlCacheBehavior [ RunTime:0.000501s ]
INFO: [ app_begin ] --END-- [ RunTime:0.000885s ]
SQL: SHOW COLUMNS FROM `goods_cate` [ RunTime:0.001817s ]
SQL: SELECT * FROM `goods_cate` WHERE ( pid=0 )  [ RunTime:0.000219s ]
NOTIC: [8] Use of undefined constant user - assumed 'user' /Users/tc/www/thinkphp/Application/Common/Controller/HomeController.class.php 第 20 行.
SQL: SHOW COLUMNS FROM `goods_car` [ RunTime:0.001456s ]
SQL: UPDATE `goods_car` SET `count`=2 WHERE ( uid=4 and gid=10 ) [ RunTime:0.000603s ]
SQL: SELECT SUM(count) AS tp_sum FROM `goods_car` WHERE ( uid=4 ) LIMIT 1   [ RunTime:0.000262s ]
INFO: [ app_end ] --START--
INFO: Run Behavior\ShowPageTraceBehavior [ RunTime:0.000789s ]
INFO: [ app_end ] --END-- [ RunTime:0.000916s ]

[ 2014-12-05T23:31:40+08:00 ] 127.0.0.1 /index.php?m=User&c=Index&a=car_ajax
INFO: [ app_begin ] --START--
INFO: Run Behavior\ReadHtmlCacheBehavior [ RunTime:0.000524s ]
INFO: [ app_begin ] --END-- [ RunTime:0.000952s ]
SQL: SHOW COLUMNS FROM `goods_cate` [ RunTime:0.001599s ]
SQL: SELECT * FROM `goods_cate` WHERE ( pid=0 )  [ RunTime:0.000263s ]
NOTIC: [8] Use of undefined constant user - assumed 'user' /Users/tc/www/thinkphp/Application/Common/Controller/HomeController.class.php 第 20 行.
SQL: SHOW COLUMNS FROM `goods_car` [ RunTime:0.001932s ]
SQL: UPDATE `goods_car` SET `count`=1 WHERE ( uid=4 and gid=10 ) [ RunTime:0.000631s ]
SQL: SELECT SUM(count) AS tp_sum FROM `goods_car` WHERE ( uid=4 ) LIMIT 1   [ RunTime:0.000155s ]
INFO: [ app_end ] --START--
INFO: Run Behavior\ShowPageTraceBehavior [ RunTime:0.000658s ]
INFO: [ app_end ] --END-- [ RunTime:0.000747s ]

[ 2014-12-05T23:31:40+08:00 ] 127.0.0.1 /index.php?m=User&c=Index&a=car_ajax
INFO: [ app_begin ] --START--
INFO: Run Behavior\ReadHtmlCacheBehavior [ RunTime:0.000505s ]
INFO: [ app_begin ] --END-- [ RunTime:0.000875s ]
SQL: SHOW COLUMNS FROM `goods_cate` [ RunTime:0.001339s ]
SQL: SELECT * FROM `goods_cate` WHERE ( pid=0 )  [ RunTime:0.000194s ]
NOTIC: [8] Use of undefined constant user - assumed 'user' /Users/tc/www/thinkphp/Application/Common/Controller/HomeController.class.php 第 20 行.
SQL: SHOW COLUMNS FROM `goods_car` [ RunTime:0.001129s ]
SQL: UPDATE `goods_car` SET `count`=0 WHERE ( uid=4 and gid=10 ) [ RunTime:0.000432s ]
SQL: SELECT SUM(count) AS tp_sum FROM `goods_car` WHERE ( uid=4 ) LIMIT 1   [ RunTime:0.000137s ]
INFO: [ app_end ] --START--
INFO: Run Behavior\ShowPageTraceBehavior [ RunTime:0.000625s ]
INFO: [ app_end ] --END-- [ RunTime:0.000711s ]

[ 2014-12-05T23:31:41+08:00 ] 127.0.0.1 /index.php?m=User&c=Index&a=car_ajax
INFO: [ app_begin ] --START--
INFO: Run Behavior\ReadHtmlCacheBehavior [ RunTime:0.000514s ]
INFO: [ app_begin ] --END-- [ RunTime:0.000927s ]
SQL: SHOW COLUMNS FROM `goods_cate` [ RunTime:0.001722s ]
SQL: SELECT * FROM `goods_cate` WHERE ( pid=0 )  [ RunTime:0.000194s ]
NOTIC: [8] Use of undefined constant user - assumed 'user' /Users/tc/www/thinkphp/Application/Common/Controller/HomeController.class.php 第 20 行.
SQL: SHOW COLUMNS FROM `goods_car` [ RunTime:0.001458s ]
SQL: UPDATE `goods_car` SET `count`=-1 WHERE ( uid=4 and gid=10 ) [ RunTime:0.000622s ]
SQL: SELECT SUM(count) AS tp_sum FROM `goods_car` WHERE ( uid=4 ) LIMIT 1   [ RunTime:0.000162s ]
INFO: [ app_end ] --START--
INFO: Run Behavior\ShowPageTraceBehavior [ RunTime:0.000634s ]
INFO: [ app_end ] --END-- [ RunTime:0.000721s ]

[ 2014-12-05T23:31:41+08:00 ] 127.0.0.1 /index.php?m=User&c=Index&a=car_ajax
INFO: [ app_begin ] --START--
INFO: Run Behavior\ReadHtmlCacheBehavior [ RunTime:0.000500s ]
INFO: [ app_begin ] --END-- [ RunTime:0.000896s ]
SQL: SHOW COLUMNS FROM `goods_cate` [ RunTime:0.001322s ]
SQL: SELECT * FROM `goods_cate` WHERE ( pid=0 )  [ RunTime:0.000189s ]
NOTIC: [8] Use of undefined constant user - assumed 'user' /Users/tc/www/thinkphp/Application/Common/Controller/HomeController.class.php 第 20 行.
SQL: SHOW COLUMNS FROM `goods_car` [ RunTime:0.001066s ]
SQL: UPDATE `goods_car` SET `count`=-2 WHERE ( uid=4 and gid=10 ) [ RunTime:0.000431s ]
SQL: SELECT SUM(count) AS tp_sum FROM `goods_car` WHERE ( uid=4 ) LIMIT 1   [ RunTime:0.000131s ]
INFO: [ app_end ] --START--
INFO: Run Behavior\ShowPageTraceBehavior [ RunTime:0.000618s ]
INFO: [ app_end ] --END-- [ RunTime:0.000702s ]

[ 2014-12-05T23:31:47+08:00 ] 127.0.0.1 /index.php?m=User&c=Index&a=car_ajax
INFO: [ app_begin ] --START--
INFO: Run Behavior\ReadHtmlCacheBehavior [ RunTime:0.000663s ]
INFO: [ app_begin ] --END-- [ RunTime:0.001262s ]
SQL: SHOW COLUMNS FROM `goods_cate` [ RunTime:0.001916s ]
SQL: SELECT * FROM `goods_cate` WHERE ( pid=0 )  [ RunTime:0.000276s ]
NOTIC: [8] Use of undefined constant user - assumed 'user' /Users/tc/www/thinkphp/Application/Common/Controller/HomeController.class.php 第 20 行.
SQL: SHOW COLUMNS FROM `goods_car` [ RunTime:0.001677s ]
SQL: UPDATE `goods_car` SET `count`=-3 WHERE ( uid=4 and gid=10 ) [ RunTime:0.000602s ]
SQL: SELECT SUM(count) AS tp_sum FROM `goods_car` WHERE ( uid=4 ) LIMIT 1   [ RunTime:0.000145s ]
INFO: [ app_end ] --START--
INFO: Run Behavior\ShowPageTraceBehavior [ RunTime:0.000639s ]
INFO: [ app_end ] --END-- [ RunTime:0.000724s ]

[ 2014-12-05T23:31:47+08:00 ] 127.0.0.1 /index.php?m=User&c=Index&a=car_ajax
INFO: [ app_begin ] --START--
INFO: Run Behavior\ReadHtmlCacheBehavior [ RunTime:0.000943s ]
INFO: [ app_begin ] --END-- [ RunTime:0.001545s ]
SQL: SHOW COLUMNS FROM `goods_cate` [ RunTime:0.009955s ]
SQL: SELECT * FROM `goods_cate` WHERE ( pid=0 )  [ RunTime:0.000318s ]
NOTIC: [8] Use of undefined constant user - assumed 'user' /Users/tc/www/thinkphp/Application/Common/Controller/HomeController.class.php 第 20 行.
SQL: SHOW COLUMNS FROM `goods_car` [ RunTime:0.001313s ]
SQL: UPDATE `goods_car` SET `count`=-4 WHERE ( uid=4 and gid=10 ) [ RunTime:0.000614s ]
SQL: SELECT SUM(count) AS tp_sum FROM `goods_car` WHERE ( uid=4 ) LIMIT 1   [ RunTime:0.000300s ]
INFO: [ app_end ] --START--
INFO: Run Behavior\ShowPageTraceBehavior [ RunTime:0.000836s ]
INFO: [ app_end ] --END-- [ RunTime:0.000933s ]

[ 2014-12-05T23:31:47+08:00 ] 127.0.0.1 /index.php?m=User&c=Index&a=car_ajax
INFO: [ app_begin ] --START--
INFO: Run Behavior\ReadHtmlCacheBehavior [ RunTime:0.000587s ]
INFO: [ app_begin ] --END-- [ RunTime:0.001017s ]
SQL: SHOW COLUMNS FROM `goods_cate` [ RunTime:0.001768s ]
SQL: SELECT * FROM `goods_cate` WHERE ( pid=0 )  [ RunTime:0.000186s ]
NOTIC: [8] Use of undefined constant user - assumed 'user' /Users/tc/www/thinkphp/Application/Common/Controller/HomeController.class.php 第 20 行.
SQL: SHOW COLUMNS FROM `goods_car` [ RunTime:0.001370s ]
SQL: UPDATE `goods_car` SET `count`=-5 WHERE ( uid=4 and gid=10 ) [ RunTime:0.000887s ]
SQL: SELECT SUM(count) AS tp_sum FROM `goods_car` WHERE ( uid=4 ) LIMIT 1   [ RunTime:0.000139s ]
INFO: [ app_end ] --START--
INFO: Run Behavior\ShowPageTraceBehavior [ RunTime:0.000737s ]
INFO: [ app_end ] --END-- [ RunTime:0.000820s ]

[ 2014-12-05T23:32:40+08:00 ] 127.0.0.1 /index.php?m=User&c=Index&a=car_ajax
INFO: [ app_begin ] --START--
INFO: Run Behavior\ReadHtmlCacheBehavior [ RunTime:0.000558s ]
INFO: [ app_begin ] --END-- [ RunTime:0.000965s ]
SQL: SHOW COLUMNS FROM `goods_cate` [ RunTime:0.002013s ]
SQL: SELECT * FROM `goods_cate` WHERE ( pid=0 )  [ RunTime:0.000247s ]
NOTIC: [8] Use of undefined constant user - assumed 'user' /Users/tc/www/thinkphp/Application/Common/Controller/HomeController.class.php 第 20 行.
SQL: SHOW COLUMNS FROM `goods_car` [ RunTime:0.001431s ]
SQL: UPDATE `goods_car` SET `count`=-1 WHERE ( uid=4 and gid=10 ) [ RunTime:0.000566s ]
SQL: SELECT SUM(count) AS tp_sum FROM `goods_car` WHERE ( uid=4 ) LIMIT 1   [ RunTime:0.000137s ]
INFO: [ app_end ] --START--
INFO: Run Behavior\ShowPageTraceBehavior [ RunTime:0.000629s ]
INFO: [ app_end ] --END-- [ RunTime:0.000714s ]

[ 2014-12-05T23:32:41+08:00 ] 127.0.0.1 /index.php?m=User&c=Index&a=car_ajax
INFO: [ app_begin ] --START--
INFO: Run Behavior\ReadHtmlCacheBehavior [ RunTime:0.000499s ]
INFO: [ app_begin ] --END-- [ RunTime:0.000869s ]
SQL: SHOW COLUMNS FROM `goods_cate` [ RunTime:0.001610s ]
SQL: SELECT * FROM `goods_cate` WHERE ( pid=0 )  [ RunTime:0.000197s ]
NOTIC: [8] Use of undefined constant user - assumed 'user' /Users/tc/www/thinkphp/Application/Common/Controller/HomeController.class.php 第 20 行.
SQL: SHOW COLUMNS FROM `goods_car` [ RunTime:0.001461s ]
SQL: UPDATE `goods_car` SET `count`=-2 WHERE ( uid=4 and gid=10 ) [ RunTime:0.000570s ]
SQL: SELECT SUM(count) AS tp_sum FROM `goods_car` WHERE ( uid=4 ) LIMIT 1   [ RunTime:0.000141s ]
INFO: [ app_end ] --START--
INFO: Run Behavior\ShowPageTraceBehavior [ RunTime:0.000717s ]
INFO: [ app_end ] --END-- [ RunTime:0.000810s ]

[ 2014-12-05T23:32:43+08:00 ] 127.0.0.1 /index.php?m=User&c=Index&a=car_ajax
INFO: [ app_begin ] --START--
INFO: Run Behavior\ReadHtmlCacheBehavior [ RunTime:0.000502s ]
INFO: [ app_begin ] --END-- [ RunTime:0.000921s ]
SQL: SHOW COLUMNS FROM `goods_cate` [ RunTime:0.001402s ]
SQL: SELECT * FROM `goods_cate` WHERE ( pid=0 )  [ RunTime:0.000215s ]
NOTIC: [8] Use of undefined constant user - assumed 'user' /Users/tc/www/thinkphp/Application/Common/Controller/HomeController.class.php 第 20 行.
SQL: SHOW COLUMNS FROM `goods_car` [ RunTime:0.001171s ]
SQL: UPDATE `goods_car` SET `count`=-3 WHERE ( uid=4 and gid=10 ) [ RunTime:0.000423s ]
SQL: SELECT SUM(count) AS tp_sum FROM `goods_car` WHERE ( uid=4 ) LIMIT 1   [ RunTime:0.000139s ]
INFO: [ app_end ] --START--
INFO: Run Behavior\ShowPageTraceBehavior [ RunTime:0.000630s ]
INFO: [ app_end ] --END-- [ RunTime:0.000716s ]

[ 2014-12-05T23:32:43+08:00 ] 127.0.0.1 /index.php?m=User&c=Index&a=car_ajax
INFO: [ app_begin ] --START--
INFO: Run Behavior\ReadHtmlCacheBehavior [ RunTime:0.000540s ]
INFO: [ app_begin ] --END-- [ RunTime:0.000930s ]
SQL: SHOW COLUMNS FROM `goods_cate` [ RunTime:0.001699s ]
SQL: SELECT * FROM `goods_cate` WHERE ( pid=0 )  [ RunTime:0.000214s ]
NOTIC: [8] Use of undefined constant user - assumed 'user' /Users/tc/www/thinkphp/Application/Common/Controller/HomeController.class.php 第 20 行.
SQL: SHOW COLUMNS FROM `goods_car` [ RunTime:0.001363s ]
SQL: UPDATE `goods_car` SET `count`=-4 WHERE ( uid=4 and gid=10 ) [ RunTime:0.000554s ]
SQL: SELECT SUM(count) AS tp_sum FROM `goods_car` WHERE ( uid=4 ) LIMIT 1   [ RunTime:0.000168s ]
INFO: [ app_end ] --START--
INFO: Run Behavior\ShowPageTraceBehavior [ RunTime:0.000633s ]
INFO: [ app_end ] --END-- [ RunTime:0.000722s ]

[ 2014-12-05T23:32:44+08:00 ] 127.0.0.1 /index.php?m=User&c=Index&a=car_ajax
INFO: [ app_begin ] --START--
INFO: Run Behavior\ReadHtmlCacheBehavior [ RunTime:0.000566s ]
INFO: [ app_begin ] --END-- [ RunTime:0.000946s ]
SQL: SHOW COLUMNS FROM `goods_cate` [ RunTime:0.001733s ]
SQL: SELECT * FROM `goods_cate` WHERE ( pid=0 )  [ RunTime:0.000201s ]
NOTIC: [8] Use of undefined constant user - assumed 'user' /Users/tc/www/thinkphp/Application/Common/Controller/HomeController.class.php 第 20 行.
SQL: SHOW COLUMNS FROM `goods_car` [ RunTime:0.001409s ]
SQL: UPDATE `goods_car` SET `count`=-5 WHERE ( uid=4 and gid=10 ) [ RunTime:0.000566s ]
SQL: SELECT SUM(count) AS tp_sum FROM `goods_car` WHERE ( uid=4 ) LIMIT 1   [ RunTime:0.000225s ]
INFO: [ app_end ] --START--
INFO: Run Behavior\ShowPageTraceBehavior [ RunTime:0.000623s ]
INFO: [ app_end ] --END-- [ RunTime:0.000710s ]

[ 2014-12-05T23:32:55+08:00 ] 127.0.0.1 /index.php?m=User&c=Index&a=car_ajax
INFO: [ app_begin ] --START--
INFO: Run Behavior\ReadHtmlCacheBehavior [ RunTime:0.000510s ]
INFO: [ app_begin ] --END-- [ RunTime:0.000890s ]
SQL: SHOW COLUMNS FROM `goods_cate` [ RunTime:0.001716s ]
SQL: SELECT * FROM `goods_cate` WHERE ( pid=0 )  [ RunTime:0.000224s ]
NOTIC: [8] Use of undefined constant user - assumed 'user' /Users/tc/www/thinkphp/Application/Common/Controller/HomeController.class.php 第 20 行.
SQL: SHOW COLUMNS FROM `goods_car` [ RunTime:0.001504s ]
SQL: UPDATE `goods_car` SET `count`=10 WHERE ( uid=4 and gid=9 ) [ RunTime:0.000584s ]
SQL: SELECT SUM(count) AS tp_sum FROM `goods_car` WHERE ( uid=4 ) LIMIT 1   [ RunTime:0.000144s ]
INFO: [ app_end ] --START--
INFO: Run Behavior\ShowPageTraceBehavior [ RunTime:0.000667s ]
INFO: [ app_end ] --END-- [ RunTime:0.000753s ]

[ 2014-12-05T23:32:56+08:00 ] 127.0.0.1 /index.php?m=User&c=Index&a=car_ajax
INFO: [ app_begin ] --START--
INFO: Run Behavior\ReadHtmlCacheBehavior [ RunTime:0.000506s ]
INFO: [ app_begin ] --END-- [ RunTime:0.000977s ]
SQL: SHOW COLUMNS FROM `goods_cate` [ RunTime:0.001718s ]
SQL: SELECT * FROM `goods_cate` WHERE ( pid=0 )  [ RunTime:0.000189s ]
NOTIC: [8] Use of undefined constant user - assumed 'user' /Users/tc/www/thinkphp/Application/Common/Controller/HomeController.class.php 第 20 行.
SQL: SHOW COLUMNS FROM `goods_car` [ RunTime:0.001337s ]
SQL: UPDATE `goods_car` SET `count`=9 WHERE ( uid=4 and gid=9 ) [ RunTime:0.000525s ]
SQL: SELECT SUM(count) AS tp_sum FROM `goods_car` WHERE ( uid=4 ) LIMIT 1   [ RunTime:0.000146s ]
INFO: [ app_end ] --START--
INFO: Run Behavior\ShowPageTraceBehavior [ RunTime:0.000685s ]
INFO: [ app_end ] --END-- [ RunTime:0.000771s ]

[ 2014-12-05T23:38:06+08:00 ] 127.0.0.1 /index.php?m=User&c=Index&a=car_ajax
INFO: [ app_begin ] --START--
INFO: Run Behavior\ReadHtmlCacheBehavior [ RunTime:0.000506s ]
INFO: [ app_begin ] --END-- [ RunTime:0.000881s ]
SQL: SHOW COLUMNS FROM `goods_cate` [ RunTime:0.002004s ]
SQL: SELECT * FROM `goods_cate` WHERE ( pid=0 )  [ RunTime:0.000250s ]
NOTIC: [8] Use of undefined constant user - assumed 'user' /Users/tc/www/thinkphp/Application/Common/Controller/HomeController.class.php 第 20 行.
SQL: SHOW COLUMNS FROM `goods_car` [ RunTime:0.001430s ]
SQL: UPDATE `goods_car` SET `count`=-1 WHERE ( uid=4 and gid=10 ) [ RunTime:0.000542s ]
SQL: SELECT SUM(count) AS tp_sum FROM `goods_car` WHERE ( uid=4 ) LIMIT 1   [ RunTime:0.000144s ]
INFO: [ app_end ] --START--
INFO: Run Behavior\ShowPageTraceBehavior [ RunTime:0.000638s ]
INFO: [ app_end ] --END-- [ RunTime:0.000724s ]

[ 2014-12-05T23:39:09+08:00 ] 127.0.0.1 /index.php?m=User&c=Index&a=car_ajax
INFO: [ app_begin ] --START--
INFO: Run Behavior\ReadHtmlCacheBehavior [ RunTime:0.000551s ]
INFO: [ app_begin ] --END-- [ RunTime:0.000944s ]
SQL: SHOW COLUMNS FROM `goods_cate` [ RunTime:0.001580s ]
SQL: SELECT * FROM `goods_cate` WHERE ( pid=0 )  [ RunTime:0.000302s ]
NOTIC: [8] Use of undefined constant user - assumed 'user' /Users/tc/www/thinkphp/Application/Common/Controller/HomeController.class.php 第 20 行.
SQL: SHOW COLUMNS FROM `goods_car` [ RunTime:0.001357s ]
SQL: UPDATE `goods_car` SET `count`=8 WHERE ( uid=4 and gid=9 ) [ RunTime:0.000557s ]
SQL: SELECT SUM(count) AS tp_sum FROM `goods_car` WHERE ( uid=4 ) LIMIT 1   [ RunTime:0.000185s ]
INFO: [ app_end ] --START--
INFO: Run Behavior\ShowPageTraceBehavior [ RunTime:0.000650s ]
INFO: [ app_end ] --END-- [ RunTime:0.000738s ]

[ 2014-12-05T23:39:10+08:00 ] 127.0.0.1 /index.php?m=User&c=Index&a=car_ajax
INFO: [ app_begin ] --START--
INFO: Run Behavior\ReadHtmlCacheBehavior [ RunTime:0.000562s ]
INFO: [ app_begin ] --END-- [ RunTime:0.000986s ]
SQL: SHOW COLUMNS FROM `goods_cate` [ RunTime:0.001572s ]
SQL: SELECT * FROM `goods_cate` WHERE ( pid=0 )  [ RunTime:0.000187s ]
NOTIC: [8] Use of undefined constant user - assumed 'user' /Users/tc/www/thinkphp/Application/Common/Controller/HomeController.class.php 第 20 行.
SQL: SHOW COLUMNS FROM `goods_car` [ RunTime:0.001464s ]
SQL: UPDATE `goods_car` SET `count`=7 WHERE ( uid=4 and gid=9 ) [ RunTime:0.000591s ]
SQL: SELECT SUM(count) AS tp_sum FROM `goods_car` WHERE ( uid=4 ) LIMIT 1   [ RunTime:0.000135s ]
INFO: [ app_end ] --START--
INFO: Run Behavior\ShowPageTraceBehavior [ RunTime:0.000716s ]
INFO: [ app_end ] --END-- [ RunTime:0.000819s ]

[ 2014-12-05T23:39:13+08:00 ] 127.0.0.1 /index.php?m=User&c=Index&a=car_ajax
INFO: [ app_begin ] --START--
INFO: Run Behavior\ReadHtmlCacheBehavior [ RunTime:0.000552s ]
INFO: [ app_begin ] --END-- [ RunTime:0.000945s ]
SQL: SHOW COLUMNS FROM `goods_cate` [ RunTime:0.001732s ]
SQL: SELECT * FROM `goods_cate` WHERE ( pid=0 )  [ RunTime:0.000197s ]
NOTIC: [8] Use of undefined constant user - assumed 'user' /Users/tc/www/thinkphp/Application/Common/Controller/HomeController.class.php 第 20 行.
SQL: SHOW COLUMNS FROM `goods_car` [ RunTime:0.001413s ]
SQL: UPDATE `goods_car` SET `count`=1 WHERE ( uid=4 and gid=10 ) [ RunTime:0.000590s ]
SQL: SELECT SUM(count) AS tp_sum FROM `goods_car` WHERE ( uid=4 ) LIMIT 1   [ RunTime:0.000161s ]
INFO: [ app_end ] --START--
INFO: Run Behavior\ShowPageTraceBehavior [ RunTime:0.000627s ]
INFO: [ app_end ] --END-- [ RunTime:0.000710s ]

[ 2014-12-05T23:39:14+08:00 ] 127.0.0.1 /index.php?m=User&c=Index&a=car_ajax
INFO: [ app_begin ] --START--
INFO: Run Behavior\ReadHtmlCacheBehavior [ RunTime:0.000501s ]
INFO: [ app_begin ] --END-- [ RunTime:0.000881s ]
SQL: SHOW COLUMNS FROM `goods_cate` [ RunTime:0.001289s ]
SQL: SELECT * FROM `goods_cate` WHERE ( pid=0 )  [ RunTime:0.000200s ]
NOTIC: [8] Use of undefined constant user - assumed 'user' /Users/tc/www/thinkphp/Application/Common/Controller/HomeController.class.php 第 20 行.
SQL: SHOW COLUMNS FROM `goods_car` [ RunTime:0.001134s ]
SQL: UPDATE `goods_car` SET `count`=2 WHERE ( uid=4 and gid=10 ) [ RunTime:0.000447s ]
SQL: SELECT SUM(count) AS tp_sum FROM `goods_car` WHERE ( uid=4 ) LIMIT 1   [ RunTime:0.000257s ]
INFO: [ app_end ] --START--
INFO: Run Behavior\ShowPageTraceBehavior [ RunTime:0.000651s ]
INFO: [ app_end ] --END-- [ RunTime:0.000742s ]

[ 2014-12-05T23:39:17+08:00 ] 127.0.0.1 /index.php?m=User&c=Index&a=car_ajax
INFO: [ app_begin ] --START--
INFO: Run Behavior\ReadHtmlCacheBehavior [ RunTime:0.000583s ]
INFO: [ app_begin ] --END-- [ RunTime:0.001022s ]
SQL: SHOW COLUMNS FROM `goods_cate` [ RunTime:0.001658s ]
SQL: SELECT * FROM `goods_cate` WHERE ( pid=0 )  [ RunTime:0.000198s ]
NOTIC: [8] Use of undefined constant user - assumed 'user' /Users/tc/www/thinkphp/Application/Common/Controller/HomeController.class.php 第 20 行.
SQL: SHOW COLUMNS FROM `goods_car` [ RunTime:0.001478s ]
SQL: UPDATE `goods_car` SET `count`=1 WHERE ( uid=4 and gid=10 ) [ RunTime:0.000557s ]
SQL: SELECT SUM(count) AS tp_sum FROM `goods_car` WHERE ( uid=4 ) LIMIT 1   [ RunTime:0.000232s ]
INFO: [ app_end ] --START--
INFO: Run Behavior\ShowPageTraceBehavior [ RunTime:0.001105s ]
INFO: [ app_end ] --END-- [ RunTime:0.001296s ]

[ 2014-12-05T23:39:20+08:00 ] 127.0.0.1 /index.php?m=User&c=Index&a=car_ajax
INFO: [ app_begin ] --START--
INFO: Run Behavior\ReadHtmlCacheBehavior [ RunTime:0.000587s ]
INFO: [ app_begin ] --END-- [ RunTime:0.000984s ]
SQL: SHOW COLUMNS FROM `goods_cate` [ RunTime:0.002871s ]
SQL: SELECT * FROM `goods_cate` WHERE ( pid=0 )  [ RunTime:0.000465s ]
NOTIC: [8] Use of undefined constant user - assumed 'user' /Users/tc/www/thinkphp/Application/Common/Controller/HomeController.class.php 第 20 行.
SQL: SHOW COLUMNS FROM `goods_car` [ RunTime:0.001944s ]
SQL: UPDATE `goods_car` SET `count`=0 WHERE ( uid=4 and gid=10 ) [ RunTime:0.000625s ]
SQL: SELECT SUM(count) AS tp_sum FROM `goods_car` WHERE ( uid=4 ) LIMIT 1   [ RunTime:0.000147s ]
INFO: [ app_end ] --START--
INFO: Run Behavior\ShowPageTraceBehavior [ RunTime:0.000752s ]
INFO: [ app_end ] --END-- [ RunTime:0.000841s ]

[ 2014-12-05T23:39:21+08:00 ] 127.0.0.1 /index.php?m=User&c=Index&a=car_ajax
INFO: [ app_begin ] --START--
INFO: Run Behavior\ReadHtmlCacheBehavior [ RunTime:0.000522s ]
INFO: [ app_begin ] --END-- [ RunTime:0.001018s ]
SQL: SHOW COLUMNS FROM `goods_cate` [ RunTime:0.001687s ]
SQL: SELECT * FROM `goods_cate` WHERE ( pid=0 )  [ RunTime:0.000190s ]
NOTIC: [8] Use of undefined constant user - assumed 'user' /Users/tc/www/thinkphp/Application/Common/Controller/HomeController.class.php 第 20 行.
SQL: SHOW COLUMNS FROM `goods_car` [ RunTime:0.001373s ]
SQL: UPDATE `goods_car` SET `count`=-1 WHERE ( uid=4 and gid=10 ) [ RunTime:0.000549s ]
SQL: SELECT SUM(count) AS tp_sum FROM `goods_car` WHERE ( uid=4 ) LIMIT 1   [ RunTime:0.000162s ]
INFO: [ app_end ] --START--
INFO: Run Behavior\ShowPageTraceBehavior [ RunTime:0.000633s ]
INFO: [ app_end ] --END-- [ RunTime:0.000719s ]

[ 2014-12-05T23:39:53+08:00 ] 127.0.0.1 /index.php?m=User&c=Index&a=car_ajax
INFO: [ app_begin ] --START--
INFO: Run Behavior\ReadHtmlCacheBehavior [ RunTime:0.000587s ]
INFO: [ app_begin ] --END-- [ RunTime:0.001073s ]
SQL: SHOW COLUMNS FROM `goods_cate` [ RunTime:0.002278s ]
SQL: SELECT * FROM `goods_cate` WHERE ( pid=0 )  [ RunTime:0.000213s ]
NOTIC: [8] Use of undefined constant user - assumed 'user' /Users/tc/www/thinkphp/Application/Common/Controller/HomeController.class.php 第 20 行.
SQL: SHOW COLUMNS FROM `goods_car` [ RunTime:0.001446s ]
SQL: UPDATE `goods_car` SET `count`=-1 WHERE ( uid=4 and gid=10 ) [ RunTime:0.000611s ]
SQL: SELECT SUM(count) AS tp_sum FROM `goods_car` WHERE ( uid=4 ) LIMIT 1   [ RunTime:0.000210s ]
INFO: [ app_end ] --START--
INFO: Run Behavior\ShowPageTraceBehavior [ RunTime:0.000646s ]
INFO: [ app_end ] --END-- [ RunTime:0.000732s ]

[ 2014-12-05T23:39:55+08:00 ] 127.0.0.1 /index.php?m=User&c=Index&a=car_ajax
INFO: [ app_begin ] --START--
INFO: Run Behavior\ReadHtmlCacheBehavior [ RunTime:0.000514s ]
INFO: [ app_begin ] --END-- [ RunTime:0.000905s ]
SQL: SHOW COLUMNS FROM `goods_cate` [ RunTime:0.001617s ]
SQL: SELECT * FROM `goods_cate` WHERE ( pid=0 )  [ RunTime:0.000187s ]
NOTIC: [8] Use of undefined constant user - assumed 'user' /Users/tc/www/thinkphp/Application/Common/Controller/HomeController.class.php 第 20 行.
SQL: SHOW COLUMNS FROM `goods_car` [ RunTime:0.001380s ]
SQL: UPDATE `goods_car` SET `count`=0 WHERE ( uid=4 and gid=10 ) [ RunTime:0.000555s ]
SQL: SELECT SUM(count) AS tp_sum FROM `goods_car` WHERE ( uid=4 ) LIMIT 1   [ RunTime:0.000172s ]
INFO: [ app_end ] --START--
INFO: Run Behavior\ShowPageTraceBehavior [ RunTime:0.000631s ]
INFO: [ app_end ] --END-- [ RunTime:0.000718s ]

[ 2014-12-05T23:39:55+08:00 ] 127.0.0.1 /index.php?m=User&c=Index&a=car_ajax
INFO: [ app_begin ] --START--
INFO: Run Behavior\ReadHtmlCacheBehavior [ RunTime:0.000501s ]
INFO: [ app_begin ] --END-- [ RunTime:0.000867s ]
SQL: SHOW COLUMNS FROM `goods_cate` [ RunTime:0.001416s ]
SQL: SELECT * FROM `goods_cate` WHERE ( pid=0 )  [ RunTime:0.000212s ]
NOTIC: [8] Use of undefined constant user - assumed 'user' /Users/tc/www/thinkphp/Application/Common/Controller/HomeController.class.php 第 20 行.
SQL: SHOW COLUMNS FROM `goods_car` [ RunTime:0.001143s ]
SQL: UPDATE `goods_car` SET `count`=1 WHERE ( uid=4 and gid=10 ) [ RunTime:0.000427s ]
SQL: SELECT SUM(count) AS tp_sum FROM `goods_car` WHERE ( uid=4 ) LIMIT 1   [ RunTime:0.000134s ]
INFO: [ app_end ] --START--
INFO: Run Behavior\ShowPageTraceBehavior [ RunTime:0.000634s ]
INFO: [ app_end ] --END-- [ RunTime:0.000717s ]

[ 2014-12-05T23:39:56+08:00 ] 127.0.0.1 /index.php?m=User&c=Index&a=car_ajax
INFO: [ app_begin ] --START--
INFO: Run Behavior\ReadHtmlCacheBehavior [ RunTime:0.000531s ]
INFO: [ app_begin ] --END-- [ RunTime:0.001005s ]
SQL: SHOW COLUMNS FROM `goods_cate` [ RunTime:0.002063s ]
SQL: SELECT * FROM `goods_cate` WHERE ( pid=0 )  [ RunTime:0.000197s ]
NOTIC: [8] Use of undefined constant user - assumed 'user' /Users/tc/www/thinkphp/Application/Common/Controller/HomeController.class.php 第 20 行.
SQL: SHOW COLUMNS FROM `goods_car` [ RunTime:0.001436s ]
SQL: UPDATE `goods_car` SET `count`=0 WHERE ( uid=4 and gid=10 ) [ RunTime:0.000525s ]
SQL: SELECT SUM(count) AS tp_sum FROM `goods_car` WHERE ( uid=4 ) LIMIT 1   [ RunTime:0.000150s ]
INFO: [ app_end ] --START--
INFO: Run Behavior\ShowPageTraceBehavior [ RunTime:0.000640s ]
INFO: [ app_end ] --END-- [ RunTime:0.000726s ]

[ 2014-12-05T23:39:57+08:00 ] 127.0.0.1 /index.php?m=User&c=Index&a=car_ajax
INFO: [ app_begin ] --START--
INFO: Run Behavior\ReadHtmlCacheBehavior [ RunTime:0.000572s ]
INFO: [ app_begin ] --END-- [ RunTime:0.001033s ]
SQL: SHOW COLUMNS FROM `goods_cate` [ RunTime:0.001806s ]
SQL: SELECT * FROM `goods_cate` WHERE ( pid=0 )  [ RunTime:0.000233s ]
NOTIC: [8] Use of undefined constant user - assumed 'user' /Users/tc/www/thinkphp/Application/Common/Controller/HomeController.class.php 第 20 行.
SQL: SHOW COLUMNS FROM `goods_car` [ RunTime:0.002242s ]
SQL: UPDATE `goods_car` SET `count`=-1 WHERE ( uid=4 and gid=10 ) [ RunTime:0.000637s ]
SQL: SELECT SUM(count) AS tp_sum FROM `goods_car` WHERE ( uid=4 ) LIMIT 1   [ RunTime:0.000179s ]
INFO: [ app_end ] --START--
INFO: Run Behavior\ShowPageTraceBehavior [ RunTime:0.000735s ]
INFO: [ app_end ] --END-- [ RunTime:0.000828s ]

